"../../../LuxorGame/Content/NewBlueprint.uasset" 0
"../../../LuxorGame/Content/NewBlueprint1.uasset" 1
"../../../LuxorGame/Content/RenderRoom_BuiltData.uasset" 2
"../../../LuxorGame/Content/TestMap_BuiltData.uasset" 3
"../../../Engine/Content/Functions/Engine_MaterialFunctions01/Texturing/ComputeMipLevel.uasset" 4
"../../../Engine/Content/EngineMaterials/DefaultDiffuse.uasset" 5
"../../../Engine/Content/Functions/Engine_MaterialFunctions01/Texturing/TextureCropping.uasset" 6
"../../../Engine/Content/Functions/Engine_MaterialFunctions02/3PointLevels.uasset" 7
"../../../Engine/Content/Functions/Engine_MaterialFunctions02/SafeNormalize.uasset" 8
"../../../Engine/Content/Functions/Engine_MaterialFunctions02/Utility/BreakOutFloat2Components.uasset" 9
"../../../Engine/Content/Functions/Engine_MaterialFunctions02/Utility/BreakOutFloat3Components.uasset" 10
"../../../Engine/Content/Functions/Engine_MaterialFunctions02/Utility/BreakOutFloat4Components.uasset" 11
"../../../Engine/Content/Functions/Engine_MaterialFunctions02/ExampleContent/DebugNumberStrip.uasset" 12
"../../../Engine/Content/Functions/Engine_MaterialFunctions02/ExampleContent/Textures/DebugNumberPeriod.uasset" 13
"../../../Engine/Content/Functions/Engine_MaterialFunctions02/Utility/DebugScalarValues.uasset" 14
"../../../Engine/Content/Functions/Engine_MaterialFunctions02/Utility/DebugFloat4Values.uasset" 15
"../../../Engine/Content/Functions/Engine_MaterialFunctions02/Utility/DebugFloat3Values.uasset" 16
"../../../Engine/Content/Functions/Engine_MaterialFunctions02/Math/DeriveNormalZ_Function.uasset" 17
"../../../Engine/Content/Functions/Engine_MaterialFunctions02/OffsetAndScaleTo1.uasset" 18
"../../../Engine/Content/Functions/Engine_MaterialFunctions02/SmoothThreshold.uasset" 19
"../../../Engine/Content/Functions/Engine_MaterialFunctions02/Texturing/CustomRotator.uasset" 20
"../../../Engine/Content/Functions/Engine_MaterialFunctions02/Texturing/ScreenAlignedPixelToPixelUVs.uasset" 21
"../../../Engine/Content/Functions/Engine_MaterialFunctions02/Utility/BlendAngleCorrectedNormals.uasset" 22
"../../../Engine/Content/Functions/Engine_MaterialFunctions02/Utility/CameraDirectionVector.uasset" 23
"../../../Engine/Content/EngineMaterials/Good64x64TilingNoiseHighFreq.uasset" 24
"../../../Engine/Content/Functions/Engine_MaterialFunctions02/Utility/DitherTemporalAA.uasset" 25
"../../../Engine/Content/Functions/Engine_MaterialFunctions02/Utility/MakeFloat2.uasset" 26
"../../../LuxorGame/Content/Common/BasicResource/default_normal_16x16.uasset" 27
"../../../LuxorGame/Content/Common/BasicResource/red_16x16.uasset" 28
"../../../LuxorGame/Content/Common/BasicResource/transparent_16x16.uasset" 29
"../../../LuxorGame/Content/Common/BasicResource/transparent_16x16_SRGB.uasset" 30
"../../../LuxorGame/Content/Common/BasicResource/white_16x16_SRGB.uasset" 31
"../../../LuxorGame/Content/Common/BasicResource/yellow_16x16.uasset" 32
"../../../LuxorGame/Content/Chara/CMN/Material/CM_RootMaterial.uasset" 33
"../../../LuxorGame/Content/Chara/CMN/Material/CM_Aniso_Opaque.uasset" 34
"../../../LuxorGame/Content/Chara/CMN/Material/CM_Aniso_Translucent.uasset" 35
"../../../LuxorGame/Content/CDLC/Flessen/BlightSet/Texture/Fauld_F07_REFL.uasset" 36
"../../../LuxorGame/Content/CDLC/Flessen/BlightSet/Material/F07FauldTrs.uasset" 37
"../../../LuxorGame/Content/CDLC/Flessen/BlightSet/Parts/r_F07_Arm.uasset" 38
"../../../LuxorGame/Content/CDLC/Flessen/BlightSet/Parts/r_F07_Feet.uasset" 39
"../../../LuxorGame/Content/CDLC/Flessen/BlightSet/Parts/r_F07_Inner.uasset" 40
"../../../LuxorGame/Content/CDLC/Flessen/BlightSet/Parts/r_F07_Lower.uasset" 41
"../../../LuxorGame/Content/CDLC/Flessen/BlightSet/Parts/r_F07_Shoulder.uasset" 42
"../../../LuxorGame/Content/CDLC/Flessen/BlightSet/Parts/r_F07_Upper.uasset" 43
"../../../LuxorGame/Content/CDLC/Flessen/BlightSet/Parts/r_F07_Waist.uasset" 44
"../../../LuxorGame/Content/CDLC/Flessen/BlightSet/Texture/Breastplate_F07_NORMAL.uasset" 45
"../../../LuxorGame/Content/Chara/CMN/Function/MF_CustomizedColor.uasset" 46
"../../../LuxorGame/Content/Chara/CMN/Function/MF_PatternedColor.uasset" 47
"../../../LuxorGame/Content/Chara/CMN/Material/CM_DefaultLit_Opaque.uasset" 48
"../../../Engine/Content/EditorMaterials/WidgetGridVertexColorMaterial.uasset" 49
"../../../LuxorGame/Content/Chara/CMN/SubsurfaceProfile/LUXOR_SSP.uasset" 50
"../../../LuxorGame/Content/Chara/CMN/Material/CM_SSProfile_Opaque.uasset" 51
"../../../LuxorGame/Content/Chara/CMN/Material/CMI_CreationSkinBase.uasset" 52
"../../../LuxorGame/Content/Chara/CMN/Material/CMI_CreationFaceBase.uasset" 53
"../../../Engine/Content/Functions/Engine_MaterialFunctions01/Texturing/FlattenNormal.uasset" 54
"../../../Engine/Content/Functions/Engine_MaterialFunctions01/Texturing/ScaleUVsByCenter.uasset" 55
"../../../Engine/Content/Functions/Engine_MaterialFunctions02/TangentBasis.uasset" 56
"../../../Engine/Content/Functions/Engine_MaterialFunctions02/Utility/VectorLength.uasset" 57
"../../../LuxorGame/Content/Chara/CMN/Function/MF_FakeCharaLight.uasset" 58
"../../../LuxorGame/Content/Chara/CMN/Texture/EyeMidPlaneDisplacement_Example.uasset" 59
"../../../LuxorGame/Content/Chara/CMN/Function/ML_EyeRefraction.uasset" 60
"../../../LuxorGame/Content/Chara/CMN/Texture/EYE_NORMALS.uasset" 61
"../../../LuxorGame/Content/Chara/CMN/Texture/EyeIrisBaseColor.uasset" 62
"../../../LuxorGame/Content/Chara/CMN/Texture/EyeScleraBaseColor.uasset" 63
"../../../LuxorGame/Content/Chara/CMN/Texture/SunsetAmbientCubemap.uasset" 64
"../../../LuxorGame/Content/Chara/CMN/Texture/T_Eye_Wet_Normal.uasset" 65
"../../../LuxorGame/Content/Common/BasicResource/white_16x16.uasset" 66
"../../../LuxorGame/Content/Chara/CMN/Material/CM_Eye.uasset" 67
"../../../LuxorGame/Content/Chara/CMN/Material/CMI_Eye.uasset" 68
"../../../LuxorGame/Content/Chara/CMN/Material/CM_DefaultLit_Translucent.uasset" 69
"../../../LuxorGame/Content/Chara/CMN/Material/CM_DefaultLit_Translucent_TS.uasset" 70
"../../../LuxorGame/Content/Chara/CMN/Texture/FACE_eyeAO_COLOR.uasset" 71
"../../../LuxorGame/Content/Chara/CMN/Material/CMI_EyeAO.uasset" 72
"../../../LuxorGame/Content/Chara/CMN/Material/CM_EyeFakeHighlight.uasset" 73
"../../../LuxorGame/Content/Chara/CMN/Material/CMI_EyeFakeHighLight_Female.uasset" 74
"../../../LuxorGame/Content/Chara/CMN/Material/CMI_EyeFakeHighLight_Male.uasset" 75
"../../../LuxorGame/Content/Chara/CMN/Texture/FACE_eyelash_COLOR.uasset" 76
"../../../LuxorGame/Content/Chara/CMN/Material/CMI_Eyelash.uasset" 77
"../../../LuxorGame/Content/Chara/CMN/Material/CM_Aniso_Masked.uasset" 78
"../../../LuxorGame/Content/Chara/CMN/Material/CM_Aniso_Masked_TS.uasset" 79
"../../../LuxorGame/Content/Chara/CMN/Material/CM_ClearCort_Opaque.uasset" 80
"../../../Engine/Content/MapTemplates/TilingNoise05.uasset" 81
"../../../LuxorGame/Content/Chara/CMN/Material/CM_Cloth_Opaque.uasset" 82
"../../../LuxorGame/Content/Chara/CMN/Material/CM_Cloth_Masked.uasset" 83
"../../../LuxorGame/Content/Chara/CMN/Material/CM_DefaultLit_Masked.uasset" 84
"../../../LuxorGame/Content/Chara/CMN/Material/CM_DefaultLit_Opaque_TS.uasset" 85
"../../../LuxorGame/Content/Chara/CMN/Material/CM_EvilEye.uasset" 86
"../../../LuxorGame/Content/Chara/CMN/Texture/EyeIrisBaseColor2.uasset" 87
"../../../LuxorGame/Content/Chara/CMN/Material/CM_EvilEye_2.uasset" 88
"../../../Engine/Content/Functions/Engine_MaterialFunctions02/Utility/MakeFloat3.uasset" 89
"../../../Engine/Content/Functions/Engine_MaterialFunctions03/Procedurals/NormalFromHeightmap.uasset" 90
"../../../LuxorGame/Content/Common/BasicResource/128gray_16x16.uasset" 91
"../../../LuxorGame/Content/Chara/CMN/Material/CM_Hair.uasset" 92
"../../../LuxorGame/Content/Chara/CMN/Material/CMI_Hair.uasset" 93
"../../../LuxorGame/Content/Chara/CMN/Material/CM_Hair_Translucent.uasset" 94
"../../../LuxorGame/Content/Chara/CMN/Material/CM_MultipleColorSkin.uasset" 95
"../../../LuxorGame/Content/Chara/CMN/Material/CM_WeaponEmissive.uasset" 96
"../../../LuxorGame/Content/Chara/CMN/Material/CM_WeaponEmissive_Inst.uasset" 97
"../../../LuxorGame/Content/Chara/CMN/Texture/FACE_namida_COLOR.uasset" 98
"../../../LuxorGame/Content/Chara/CMN/Texture/FACE_namida_NORMAL.uasset" 99
"../../../LuxorGame/Content/Chara/CMN/Material/M_Tear.uasset" 100
"../../../LuxorGame/Content/Chara/CMN/Material/MI_Tear.uasset" 101
"../../../LuxorGame/Content/Chara/CMN/SubsufaceProfile/LUXOR_mouth_SSP.uasset" 102
"../../../LuxorGame/Content/Chara/CMN/SubsufaceProfile/LUXOR_SSP.uasset" 103
"../../../LuxorGame/Content/Chara/CMN/SubsufaceProfile/LUXOR_tooth_SSP.uasset" 104
"../../../LuxorGame/Content/Chara/CMN/SubsurfaceProfile/LUXOR_mouth_SSP.uasset" 105
"../../../LuxorGame/Content/Chara/CMN/SubsurfaceProfile/LUXOR_tooth_SSP.uasset" 106
"../../../LuxorGame/Content/Chara/CMN/Texture/FACE_mouth_COLOR.uasset" 107
"../../../LuxorGame/Content/Chara/CMN/Texture/FACE_mouth_NORMAL.uasset" 108
"../../../LuxorGame/Content/Chara/CMN/Texture/FACE_mouth_SRMA.uasset" 109
"../../../LuxorGame/Content/Chara/CMN/Texture/FACE_tooth_COLOR.uasset" 110
"../../../LuxorGame/Content/Chara/CMN/Texture/FACE_tooth_NORMAL.uasset" 111
"../../../LuxorGame/Content/Chara/CMN/Texture/FACE_tooth_SRMA.uasset" 112
"../../../LuxorGame/Content/Chara/F07/Texture/Fauld_F07_REFL.uasset" 113
"../../../LuxorGame/Content/Chara/F07/Material/F07FauldTrs.uasset" 114
"../../../LuxorGame/Content/Chara/F07/Parts/r_F07_Arm.uasset" 115
"../../../LuxorGame/Content/Chara/F07/Parts/r_F07_Feet.uasset" 116
"../../../LuxorGame/Content/Chara/F07/Parts/r_F07_Inner.uasset" 117
"../../../LuxorGame/Content/Chara/F07/Parts/r_F07_Shoulder.uasset" 118
"../../../LuxorGame/Content/Chara/F07/Parts/r_F07_Upper.uasset" 119
"../../../LuxorGame/Content/Chara/F07/Parts/r_F07_Waist.uasset" 120
"../../../LuxorGame/Content/Chara/F07/Texture/Breastplate_F07_NORMAL.uasset" 121
"../../../LuxorGame/Content/Chara/F07/Texture/external-content_duckduckgo_com.uasset" 122
"../../../LuxorGame/Content/Chara/F07/Texture/PBR0169_7_download600.uasset" 123
"../../../LuxorGame/Content/Chara/F07/Texture/shlqci3a_2K_Albedo.uasset" 124
"../../../LuxorGame/Content/Chara/F07/Texture/uepnbikfw_2K_Displacement.uasset" 125
"../../../LuxorGame/Content/Chara/RegularProfile/CreationProfileTemplate.uasset" 126
"../../../LuxorGame/Content/Chara/RegularProfile/RegularProfileTemplate.uasset" 127
"../../../LuxorGame/Content/Chara/RegularProfile/Character_Base/002-Seong_Mi-na.uasset" 128
"../../../LuxorGame/Content/Chara/RegularProfile/Character_Base/003-Taki.uasset" 129
"../../../LuxorGame/Content/Chara/RegularProfile/Character_Base/004-Maxi.uasset" 130
"../../../LuxorGame/Content/Chara/RegularProfile/Character_Base/005-Voldo.uasset" 131
"../../../LuxorGame/Content/Chara/RegularProfile/Character_Base/006_Sophitia.uasset" 132
"../../../LuxorGame/Content/Chara/RegularProfile/Character_Base/007-Siegfried.uasset" 133
"../../../LuxorGame/Content/Chara/RegularProfile/Character_Base/00b-Ivy.uasset" 134
"../../../LuxorGame/Content/Chara/RegularProfile/Character_Base/00c-Kilik.uasset" 135
"../../../LuxorGame/Content/Chara/RegularProfile/Character_Base/00d-Xianghua.uasset" 136
"../../../LuxorGame/Content/Chara/RegularProfile/Character_Base/00f-Yoshimitsu.uasset" 137
"../../../LuxorGame/Content/Chara/RegularProfile/Character_Base/011-Nightmare.uasset" 138
"../../../LuxorGame/Content/Chara/RegularProfile/Character_Base/012-Astaroth.uasset" 139
"../../../LuxorGame/Content/Chara/RegularProfile/Character_Base/014-Cervantes.uasset" 140
"../../../LuxorGame/Content/Chara/RegularProfile/Character_Base/015-Raphael.uasset" 141
"../../../LuxorGame/Content/Chara/RegularProfile/Character_Base/016-Talim.uasset" 142
"../../../LuxorGame/Content/Chara/RegularProfile/Character_Base/023-tira.uasset" 143
"../../../LuxorGame/Content/Chara/RegularProfile/Character_Base/024-Zasalamel.uasset" 144
"../../../LuxorGame/Content/Chara/RegularProfile/Character_Base/062-Groh.uasset" 145
"../../../LuxorGame/Content/Chara/RegularProfile/Character_Base/064-Azwel.uasset" 146
"../../../LuxorGame/Content/Chara/RegularProfile/Character_Base/065-Geralt.uasset" 147
"../../../LuxorGame/Content/Common/BasicResource/128gray_16x16_2.uasset" 148
"../../../LuxorGame/Content/Common/BasicResource/black_16x16_2.uasset" 149
"../../../LuxorGame/Content/Common/BasicResource/black_16x16_3.uasset" 150
"../../../LuxorGame/Content/Common/BasicResource/black_16x16_4.uasset" 151
"../../../LuxorGame/Content/Common/BasicResource/black_16x16_5.uasset" 152
"../../../LuxorGame/Content/Common/BasicResource/default_normal_16x16_2.uasset" 153
"../../../LuxorGame/Content/Common/BasicResource/default_normal_16x16_3.uasset" 154
"../../../LuxorGame/Content/Common/BasicResource/default_normal_16x16_4.uasset" 155
"../../../LuxorGame/Content/Common/BasicResource/default_normal_16x16_5.uasset" 156
"../../../LuxorGame/Content/Common/BasicResource/default_normal_16x16_color.uasset" 157
"../../../LuxorGame/Content/Common/BasicResource/default_normal_16x16_color_2.uasset" 158
"../../../LuxorGame/Content/Common/BasicResource/default_normal_16x16_color_3.uasset" 159
"../../../LuxorGame/Content/Common/BasicResource/default_normal_16x16_color_4.uasset" 160
"../../../LuxorGame/Content/Common/BasicResource/default_normal_16x16_color_5.uasset" 161
"../../../LuxorGame/Content/Common/BasicResource/red_16x16_2.uasset" 162
"../../../LuxorGame/Content/Common/BasicResource/red_16x16_3.uasset" 163
"../../../LuxorGame/Content/Common/BasicResource/red_16x16_4.uasset" 164
"../../../LuxorGame/Content/Common/BasicResource/red_16x16_5.uasset" 165
"../../../LuxorGame/Content/Common/BasicResource/transparent_16x16_2.uasset" 166
"../../../LuxorGame/Content/Common/BasicResource/transparent_16x16_3.uasset" 167
"../../../LuxorGame/Content/Common/BasicResource/transparent_16x16_4.uasset" 168
"../../../LuxorGame/Content/Common/BasicResource/transparent_16x16_5.uasset" 169
"../../../LuxorGame/Content/Common/BasicResource/transparent_16x16_SRGB_2.uasset" 170
"../../../LuxorGame/Content/Common/BasicResource/transparent_16x16_SRGB_3.uasset" 171
"../../../LuxorGame/Content/Common/BasicResource/transparent_16x16_SRGB_4.uasset" 172
"../../../LuxorGame/Content/Common/BasicResource/transparent_16x16_SRGB_5.uasset" 173
"../../../LuxorGame/Content/Common/BasicResource/white_16x16_2.uasset" 174
"../../../LuxorGame/Content/Common/BasicResource/white_16x16_3.uasset" 175
"../../../LuxorGame/Content/Common/BasicResource/white_16x16_4.uasset" 176
"../../../LuxorGame/Content/Common/BasicResource/white_16x16_5.uasset" 177
"../../../LuxorGame/Content/Common/BasicResource/white_16x16_SRGB_2.uasset" 178
"../../../LuxorGame/Content/Common/BasicResource/white_16x16_SRGB_3.uasset" 179
"../../../LuxorGame/Content/Common/BasicResource/white_16x16_SRGB_4.uasset" 180
"../../../LuxorGame/Content/Common/BasicResource/white_16x16_SRGB_5.uasset" 181
"../../../LuxorGame/Content/Common/BasicResource/yellow_16x16_2.uasset" 182
"../../../LuxorGame/Content/Common/BasicResource/yellow_16x16_3.uasset" 183
"../../../LuxorGame/Content/Common/BasicResource/yellow_16x16_4.uasset" 184
"../../../LuxorGame/Content/Common/BasicResource/yellow_16x16_5.uasset" 185
"../../../LuxorGame/Content/Creation/01_Nude/001/c_nude_001_f_Physics.uasset" 186
"../../../LuxorGame/Content/Creation/01_Nude/001/c_nude_001_m_Physics.uasset" 187
"../../../LuxorGame/Content/Creation/01_Nude/001/Texture/nude_001_000_kubi_f_COLOR.uasset" 188
"../../../LuxorGame/Content/Creation/01_Nude/001/Texture/nude_001_000_kubi_f_NORMAL.uasset" 189
"../../../LuxorGame/Content/Creation/01_Nude/001/Texture/nude_001_000_kubi_f_SRMA.uasset" 190
"../../../LuxorGame/Content/Creation/01_Nude/001/Material/MI_nude_001_f_E00.uasset" 191
"../../../LuxorGame/Content/Creation/01_Nude/001/Texture/00992_005.uasset" 192
"../../../LuxorGame/Content/Creation/01_Nude/001/Texture/00992_006.uasset" 193
"../../../LuxorGame/Content/Creation/01_Nude/001/Texture/nude_001_000_body_f_SRMA.uasset" 194
"../../../LuxorGame/Content/Creation/01_Nude/001/Material/MI_nude_001_f_E03.uasset" 195
"../../../LuxorGame/Content/Creation/01_Nude/001/Texture/nude_001_000_ude_f_COLOR.uasset" 196
"../../../LuxorGame/Content/Creation/01_Nude/001/Texture/nude_001_000_ude_f_NORMAL.uasset" 197
"../../../LuxorGame/Content/Creation/01_Nude/001/Texture/nude_001_000_ude_f_SRMA.uasset" 198
"../../../LuxorGame/Content/Creation/01_Nude/001/Material/MI_nude_001_f_E04.uasset" 199
"../../../LuxorGame/Content/Creation/01_Nude/001/Texture/nude_001_000_te_f_COLOR.uasset" 200
"../../../LuxorGame/Content/Creation/01_Nude/001/Texture/nude_001_000_te_f_NORMAL.uasset" 201
"../../../LuxorGame/Content/Creation/01_Nude/001/Texture/nude_001_000_te_f_SRMA.uasset" 202
"../../../LuxorGame/Content/Creation/01_Nude/001/Material/MI_nude_001_f_E07.uasset" 203
"../../../LuxorGame/Content/Creation/01_Nude/001/Texture/00992_011.uasset" 204
"../../../LuxorGame/Content/Creation/01_Nude/001/Texture/00992_012.uasset" 205
"../../../LuxorGame/Content/Creation/01_Nude/001/Texture/nude_001_000_momo_f_SRMA.uasset" 206
"../../../LuxorGame/Content/Creation/01_Nude/001/Material/MI_nude_001_f_E10.uasset" 207
"../../../LuxorGame/Content/Creation/01_Nude/001/Texture/00992_002.uasset" 208
"../../../LuxorGame/Content/Creation/01_Nude/001/Texture/00992_003.uasset" 209
"../../../LuxorGame/Content/Creation/01_Nude/001/Texture/nude_001_000_ashi_f_SRMA.uasset" 210
"../../../LuxorGame/Content/Creation/01_Nude/001/Material/MI_nude_001_f_E14.uasset" 211
"../../../LuxorGame/Content/Creation/01_Nude/001/Texture/nude_inner_f_COLOR.uasset" 212
"../../../LuxorGame/Content/Creation/01_Nude/001/Texture/nude_inner_f_NORMAL.uasset" 213
"../../../LuxorGame/Content/Creation/01_Nude/001/Texture/nude_inner_f_SRMA.uasset" 214
"../../../LuxorGame/Content/Creation/01_Nude/001/Material/MI_nude_001_f_E15.uasset" 215
"../../../LuxorGame/Content/Common/BasicResource/black_16x16.uasset" 216
"../../../LuxorGame/Content/Creation/01_Nude/001/Texture/nude_pants_f_COLOR.uasset" 217
"../../../LuxorGame/Content/Creation/01_Nude/001/Texture/nude_pants_f_NORMAL.uasset" 218
"../../../LuxorGame/Content/Creation/01_Nude/001/Texture/nude_pants_f_SRMA.uasset" 219
"../../../LuxorGame/Content/Creation/01_Nude/001/Material/MI_nude_001_f_E16.uasset" 220
"../../../LuxorGame/Content/Creation/01_Nude/001/Texture/nude_001_000_kubi_m_COLOR.uasset" 221
"../../../LuxorGame/Content/Creation/01_Nude/001/Texture/nude_001_000_kubi_m_NORMAL.uasset" 222
"../../../LuxorGame/Content/Creation/01_Nude/001/Texture/nude_001_000_kubi_m_SRMA.uasset" 223
"../../../LuxorGame/Content/Creation/01_Nude/001/Material/MI_nude_001_m_E00.uasset" 224
"../../../LuxorGame/Content/Creation/01_Nude/001/Texture/00266_045.uasset" 225
"../../../LuxorGame/Content/Creation/01_Nude/001/Texture/00266_046.uasset" 226
"../../../LuxorGame/Content/Creation/01_Nude/001/Texture/nude_001_000_body_m_SRMA.uasset" 227
"../../../LuxorGame/Content/Creation/01_Nude/001/Material/MI_nude_001_m_E03.uasset" 228
"../../../LuxorGame/Content/Creation/01_Nude/001/Texture/nude_001_000_ude_m_SRMA.uasset" 229
"../../../LuxorGame/Content/Creation/01_Nude/001/Texture/nude_001_100_ude_m_COLOR.uasset" 230
"../../../LuxorGame/Content/Creation/01_Nude/001/Texture/nude_001_100_ude_m_NORMAL.uasset" 231
"../../../LuxorGame/Content/Creation/01_Nude/001/Material/MI_nude_001_m_E04.uasset" 232
"../../../LuxorGame/Content/Creation/01_Nude/001/Texture/nude_001_000_te_m_SRMA.uasset" 233
"../../../LuxorGame/Content/Creation/01_Nude/001/Texture/nude_001_100_te_m_COLOR.uasset" 234
"../../../LuxorGame/Content/Creation/01_Nude/001/Texture/nude_001_100_te_m_NORMAL.uasset" 235
"../../../LuxorGame/Content/Creation/01_Nude/001/Material/MI_nude_001_m_E07.uasset" 236
"../../../LuxorGame/Content/Creation/01_Nude/001/Texture/nude_001_000_momo_m_SRMA.uasset" 237
"../../../LuxorGame/Content/Creation/01_Nude/001/Texture/nude_001_100_momo_m_COLOR.uasset" 238
"../../../LuxorGame/Content/Creation/01_Nude/001/Texture/nude_001_100_momo_m_NORMAL.uasset" 239
"../../../LuxorGame/Content/Creation/01_Nude/001/Material/MI_nude_001_m_E10.uasset" 240
"../../../LuxorGame/Content/Creation/01_Nude/001/Texture/nude_001_000_ashi_m_SRMA.uasset" 241
"../../../LuxorGame/Content/Creation/01_Nude/001/Texture/nude_001_100_ashi_m_COLOR.uasset" 242
"../../../LuxorGame/Content/Creation/01_Nude/001/Texture/nude_001_100_ashi_m_NORMAL.uasset" 243
"../../../LuxorGame/Content/Creation/01_Nude/001/Material/MI_nude_001_m_E14.uasset" 244
"../../../LuxorGame/Content/Creation/01_Nude/001/Texture/nude_inner_m_COLOR.uasset" 245
"../../../LuxorGame/Content/Creation/01_Nude/001/Texture/nude_inner_m_NORMAL.uasset" 246
"../../../LuxorGame/Content/Creation/01_Nude/001/Texture/nude_inner_m_SRMA.uasset" 247
"../../../LuxorGame/Content/Creation/01_Nude/001/Material/MI_nude_001_m_E15.uasset" 248
"../../../LuxorGame/Content/Creation/Database/DataTables/LuxTableColorPaletteParameter.uasset" 249
"../../../LuxorGame/Content/Creation/Database/DataTables/Body/LuxTablePartHorn.uasset" 250
"../../../LuxorGame/Content/Creation/Database/DataTables/Body/LuxTablePartTail.uasset" 251
"../../../LuxorGame/Content/Creation/Database/DataTables/Body/LuxTableRegularProfileTemplate.uasset" 252
"../../../LuxorGame/Content/Creation/Database/DataTables/Decor/LuxTableDecorRacialColorSetting.uasset" 253
"../../../LuxorGame/Content/Creation/Database/DataTables/Decor/LuxTableDecorStickerGuideOption.uasset" 254
"../../../LuxorGame/Content/Creation/Database/DataTables/Menu/LuxTableMenuBodySelect.uasset" 255
"../../../LuxorGame/Content/Creation/Database/DataTables/Menu/LuxTableMenuDecorBody.uasset" 256
"../../../LuxorGame/Content/Creation/Database/DataTables/Menu/LuxTableMenuDecorParts.uasset" 257
"../../../LuxorGame/Content/Creation/Database/DataTables/Menu/LuxTableMenuDecorSticker.uasset" 258
"../../../LuxorGame/Content/Creation/Database/DataTables/Menu/LuxTableMenuDecorWeapon.uasset" 259
"../../../LuxorGame/Content/Creation/Database/DataTables/Menu/LuxTableMenuHome.uasset" 260
"../../../LuxorGame/Content/Creation/Database/DataTables/Menu/LuxTableMenuWeaponAndStyleSelect.uasset" 261
"../../../LuxorGame/Content/Creation/Database/DataTables/Parts/LuxTablePartLower.uasset" 262
"../../../LuxorGame/Content/Creation/texture/pattern/CDLC/c01/pattern_c01_MASK.uasset" 263
"../../../LuxorGame/Content/Creation/texture/pattern/CDLC/c01/pattern_c01.uasset" 264
"../../../LuxorGame/Content/Creation/texture/pattern/CDLC/c02/pattern_c02_MASK.uasset" 265
"../../../LuxorGame/Content/Creation/texture/pattern/CDLC/c02/pattern_c02.uasset" 266
"../../../LuxorGame/Content/FlessenCommon/CM_WeaponEmissive.uasset" 267
"../../../LuxorGame/Content/HUD/Cockpit/Images/VitalGauge.uasset" 268
"../../../Engine/Content/Functions/Engine_MaterialFunctions01/Gradient/LinearGradient.uasset" 269
"../../../LuxorGame/Content/HUD/Cockpit/Images/VitalGauge2.uasset" 270
"../../../LuxorGame/Content/HUD/Cockpit/Material/M_LifeGauge.uasset" 271
"../../../LuxorGame/Content/Stage/Common/Blurprints/LBP_StageWind.uasset" 272
"../../../LuxorGame/Content/VFX/Field/DA_VFxSettingList_STGxxx.uasset" 273
"../../../LuxorGame/Content/VFX/Field/STG001/DA_VFxSettingList_STG001.uasset" 274
"../../../LuxorGame/Content/VFX/Field/STG010/DA_VFxSettingList_STG010.uasset" 275
"../../../Engine/Content/Functions/Engine_MaterialFunctions01/Opacity/CameraDepthFade.uasset" 276
"../../../Engine/Content/EngineMaterials/T_Default_Material_Grid_M.uasset" 277
"../../../Engine/Content/EngineMaterials/T_Default_Material_Grid_N.uasset" 278
"../../../Engine/Content/EngineMaterials/DefaultMaterial.uasset" 279
"../../../Engine/Content/BasicShapes/Cone.uasset" 280
"../../../Engine/Content/EngineMaterials/WorldGridMaterial.uasset" 281
"../../../Engine/Content/BasicShapes/Cube.uasset" 282
"../../../Engine/Content/BasicShapes/Cylinder.uasset" 283
"../../../Engine/Content/BasicShapes/Plane.uasset" 284
"../../../Engine/Content/BasicShapes/Sphere.uasset" 285
"../../../Engine/Content/EditorLandscapeResources/DataLayer.uasset" 286
"../../../Engine/Content/EditorMaterials/GizmoMaterial.uasset" 287
"../../../Engine/Content/EditorMaterials/MAT_Groups_Toggle.uasset" 288
"../../../Engine/Content/EditorMaterials/MAT_Groups_Visibility.uasset" 289
"../../../Engine/Content/EditorMaterials/PreviewShadowIndicator.uasset" 290
"../../../Engine/Content/EditorMaterials/PreviewShadowIndicatorMaterial.uasset" 291
"../../../Engine/Content/EditorMaterials/AssetViewer/EpicQuadPanorama_CC+EV1.uasset" 292
"../../../Engine/Content/EditorMaterials/MatineeGroups/MAT_ColorTrack.uasset" 293
"../../../Engine/Content/EditorMaterials/MatineeGroups/MAT_Groups_Anim.uasset" 294
"../../../Engine/Content/EditorMaterials/MatineeGroups/MAT_Groups_AudioMaster.uasset" 295
"../../../Engine/Content/EditorMaterials/MatineeGroups/MAT_Groups_Director.uasset" 296
"../../../Engine/Content/EditorMaterials/MatineeGroups/MAT_Groups_Event.uasset" 297
"../../../Engine/Content/EditorMaterials/MatineeGroups/MAT_Groups_Fade.uasset" 298
"../../../Engine/Content/EditorMaterials/MatineeGroups/MAT_Groups_Float.uasset" 299
"../../../Engine/Content/EditorMaterials/MatineeGroups/MAT_Groups_Move.uasset" 300
"../../../Engine/Content/EditorMaterials/MatineeGroups/MAT_Groups_Slomo.uasset" 301
"../../../Engine/Content/EditorMaterials/MatineeGroups/MAT_Groups_Sound.uasset" 302
"../../../Engine/Content/EditorMaterials/MatineeGroups/MAT_Groups_Vector.uasset" 303
"../../../Engine/Content/EditorMaterials/ParticleSystems/PSysThumbnail_NoImage.uasset" 304
"../../../Engine/Content/EditorMaterials/ParticleSystems/PSysThumbnail_OOD.uasset" 305
"../../../Engine/Content/EditorMaterials/Camera/CineMat.uasset" 306
"../../../Engine/Content/EditorMaterials/Camera/MI_CineMat_Rig.uasset" 307
"../../../Engine/Content/EditorMeshes/Camera/SM_CraneRig_Arm.uasset" 308
"../../../Engine/Content/EditorMeshes/Camera/SM_CraneRig_Base.uasset" 309
"../../../Engine/Content/EditorMeshes/Camera/SM_CraneRig_Body.uasset" 310
"../../../Engine/Content/EditorMeshes/Camera/SM_CraneRig_Mount.uasset" 311
"../../../Engine/Content/EditorMeshes/Camera/SM_RailRig_Mount.uasset" 312
"../../../Engine/Content/EditorMeshes/Camera/SM_RailRig_Track.uasset" 313
"../../../Engine/Content/EditorMeshes/ColorCalibrator/M_ChromeBall.uasset" 314
"../../../Engine/Content/EditorMeshes/ColorCalibrator/M_ClearCoat.uasset" 315
"../../../Engine/Content/EditorMeshes/ColorCalibrator/M_ClearCoatBlack.uasset" 316
"../../../Engine/Content/EditorMeshes/ColorCalibrator/T_ColorGrid.uasset" 317
"../../../Engine/Content/EditorMeshes/ColorCalibrator/M_ColorGrid.uasset" 318
"../../../Engine/Content/EditorMeshes/ColorCalibrator/M_GreyBall.uasset" 319
"../../../Engine/Content/EditorMeshes/ColorCalibrator/SM_ColorCalibrator.uasset" 320
"../../../Engine/Content/EditorResources/BSPVertex.uasset" 321
"../../../Engine/Content/EditorResources/EmptyActor.uasset" 322
"../../../Engine/Content/EditorResources/S_Actor.uasset" 323
"../../../Engine/Content/EditorResources/S_Trigger.uasset" 324
"../../../Engine/Content/EditorResources/LightIcons/S_LightError.uasset" 325
"../../../Engine/Content/EditorResources/SequenceRecorder/Countdown.uasset" 326
"../../../Engine/Content/EditorResources/SequenceRecorder/RecordingIndicator.uasset" 327
"../../../Engine/Content/EditorSounds/Notifications/CompileFailed.uasset" 328
"../../../Engine/Content/EditorSounds/Notifications/CompileFailed_Cue.uasset" 329
"../../../Engine/Content/EditorSounds/Notifications/CompileSuccess.uasset" 330
"../../../Engine/Content/EditorSounds/Notifications/CompileStart_Cue.uasset" 331
"../../../Engine/Content/EditorSounds/Notifications/CompileSuccess_Cue.uasset" 332
"../../../Engine/Content/EngineDamageTypes/DmgTypeBP_Environmental.uasset" 333
"../../../Engine/Content/EngineDebugMaterials/HeatmapGradient.uasset" 334
"../../../Engine/Content/EngineDebugMaterials/BoneWeightMaterial.uasset" 335
"../../../Engine/Content/EngineDebugMaterials/ClothMaterial.uasset" 336
"../../../Engine/Content/EngineDebugMaterials/ClothMaterial_WF.uasset" 337
"../../../Engine/Content/EngineDebugMaterials/DebugEditorMaterial.uasset" 338
"../../../Engine/Content/EngineDebugMaterials/DebugMeshMaterial.uasset" 339
"../../../Engine/Content/EngineDebugMaterials/GeomMaterial.uasset" 340
"../../../Engine/Content/EngineFonts/Faces/RobotoBold.uasset" 341
"../../../Engine/Content/EngineFonts/Faces/RobotoBoldItalic.uasset" 342
"../../../Engine/Content/EngineFonts/Faces/RobotoItalic.uasset" 343
"../../../Engine/Content/EngineFonts/Faces/RobotoLight.uasset" 344
"../../../Engine/Content/EngineFonts/Faces/RobotoRegular.uasset" 345
"../../../Engine/Content/EngineFonts/Roboto.uasset" 346
"../../../Engine/Content/EngineFonts/Faces/RobotoTiny.uasset" 347
"../../../Engine/Content/EngineFonts/RobotoTiny.uasset" 348
"../../../Engine/Content/EngineMaterials/DefaultBloomKernel.uasset" 349
"../../../Engine/Content/EngineMaterials/DefaultBokeh.uasset" 350
"../../../Engine/Content/EngineMaterials/DefaultDeferredDecalMaterial.uasset" 351
"../../../Engine/Content/EngineMaterials/DefaultLightFunctionMaterial.uasset" 352
"../../../Engine/Content/EngineMaterials/DefaultPhysicalMaterial.uasset" 353
"../../../Engine/Content/EngineMaterials/DefaultPostProcessMaterial.uasset" 354
"../../../Engine/Content/EngineFonts/RobotoDistanceField.uasset" 355
"../../../Engine/Content/EngineMaterials/DefaultTextMaterialOpaque.uasset" 356
"../../../Engine/Content/EngineMaterials/DefaultWhiteGrid.uasset" 357
"../../../Engine/Content/EngineMaterials/EditorBrushMaterial.uasset" 358
"../../../Engine/Content/EngineMaterials/MiniFont.uasset" 359
"../../../Engine/Content/EngineMaterials/InvalidLightmapSettings.uasset" 360
"../../../Engine/Content/EngineMaterials/M_InvalidLightmapSettings.uasset" 361
"../../../Engine/Content/EngineMaterials/PhAT_JointLimitMaterial.uasset" 362
"../../../Engine/Content/EngineMaterials/PreintegratedSkinBRDF.uasset" 363
"../../../Engine/Content/EngineMaterials/RemoveSurfaceMaterial.uasset" 364
"../../../Engine/Content/EngineMaterials/WeightMapPlaceholderTexture.uasset" 365
"../../../Engine/Content/EngineResources/WhiteSquareTexture.uasset" 366
"../../../Engine/Content/EngineMaterials/Widget3DPassThrough.uasset" 367
"../../../Engine/Content/EngineMaterials/Widget3DPassThrough_Masked.uasset" 368
"../../../Engine/Content/EngineMaterials/Widget3DPassThrough_Opaque.uasset" 369
"../../../Engine/Content/EngineMaterials/Widget3DPassThrough_Masked_OneSided.uasset" 370
"../../../Engine/Content/EngineMaterials/Widget3DPassThrough_Opaque_OneSided.uasset" 371
"../../../Engine/Content/EngineMaterials/Widget3DPassThrough_Translucent.uasset" 372
"../../../Engine/Content/EngineMaterials/Widget3DPassThrough_Translucent_OneSided.uasset" 373
"../../../Engine/Content/EngineMeshes/Cube.uasset" 374
"../../../Engine/Content/EngineMeshes/Cylinder.uasset" 375
"../../../Engine/Content/EngineMeshes/Sphere.uasset" 376
"../../../Engine/Content/EngineResources/Black.uasset" 377
"../../../Engine/Content/EngineResources/DefaultTextureCube.uasset" 378
"../../../Engine/Content/EngineResources/GradientTexture0.uasset" 379
"../../../Engine/Content/EngineSounds/Master.uasset" 380
"../../../Engine/Content/Functions/Engine_MaterialFunctions01/Shading/ConvertFromDiffSpec.uasset" 381
"../../../Engine/Content/Functions/Engine_MaterialFunctions01/Shading/PowerToRoughness.uasset" 382
"../../../Engine/Content/Maps/Templates/Thumbnails/Default.uasset" 383
"../../../Engine/Content/Maps/Templates/Thumbnails/VR-Basic.uasset" 384
"../../../Engine/Content/MobileResources/T_MobileControls_texture.uasset" 385
"../../../Engine/Content/MobileResources/T_MobileMenu2.uasset" 386
"../../../Engine/Content/MobileResources/HUD/AnalogHat.uasset" 387
"../../../Engine/Content/MobileResources/HUD/VirtualJoystick_Background.uasset" 388
"../../../Engine/Content/MobileResources/HUD/VirtualJoystick_Thumb.uasset" 389
"../../../Engine/Content/MobileResources/HUD/DefaultVirtualJoysticks.uasset" 390
"../../../Engine/Content/MobileResources/HUD/LeftVirtualJoystickOnly.uasset" 391
"../../../Engine/Content/MobileResources/HUD/MobileHUDButton1_off.uasset" 392
"../../../Engine/Content/MobileResources/HUD/MobileHUDButton1_on.uasset" 393
"../../../Engine/Content/MobileResources/HUD/MobileHUDButton2_off.uasset" 394
"../../../Engine/Content/MobileResources/HUD/MobileHUDButton2_on.uasset" 395
"../../../Engine/Content/MobileResources/HUD/MobileHUDButton3.uasset" 396
"../../../Engine/Content/MobileResources/HUD/MobileHUDButtonFire.uasset" 397
"../../../Engine/Content/MobileResources/HUD/MobileHUDDirectionPad.uasset" 398
"../../../Engine/Content/MobileResources/HUD/MobileHUDDirectionPad2.uasset" 399
"../../../Engine/Content/MobileResources/HUD/MobileHUDDirectionPad3.uasset" 400
"../../../Engine/Content/MobileResources/HUD/MobileHUDDirectionStick.uasset" 401
"../../../Engine/Content/MobileResources/HUD/T_Castle_ThumbstickInner.uasset" 402
"../../../Engine/Content/MobileResources/HUD/T_Castle_ThumbstickOutter.uasset" 403
"../../../Engine/Content/Tutorial/ContentIntroCurve.uasset" 404
"../../../Engine/Content/Tutorial/Basics/TutorialAssets/icon_tab_Levels_40x.uasset" 405
"../../../Engine/Content/Tutorial/BlueprintTutorials/TutorialAssets/BlueprintInterface_64x.uasset" 406
"../../../Engine/Content/Tutorial/BlueprintTutorials/TutorialAssets/BlueprintMacroLibrary_64x.uasset" 407
"../../../Engine/Content/Tutorial/BlueprintTutorials/TutorialAssets/Blueprint_64x.uasset" 408
"../../../Engine/Content/Tutorial/BlueprintTutorials/TutorialAssets/Tutorial_BP_Interface.uasset" 409
"../../../Engine/Content/Tutorial/Foliage/TutorialAssets/Foliage.uasset" 410
"../../../Engine/Content/Tutorial/Landscape/TutorialAssets/Landscape.uasset" 411
"../../../Engine/Content/Tutorial/Paper2D/TutorialAssets/Paper2DFlipbook_TutorialIcon.uasset" 412
"../../../Engine/Content/Tutorial/Paper2D/TutorialAssets/Paper2DSprite_TutorialIcon.uasset" 413
"../../../Engine/Content/Tutorial/SubEditors/TutorialAssets/icon_Editor_Preferences_General_40x.uasset" 414
"../../../Engine/Content/Tutorial/SubEditors/TutorialAssets/icon_ShowSkeletalMeshes_40x.uasset" 415
"../../../Engine/Content/Tutorial/SubEditors/TutorialAssets/TutorialMaterial.uasset" 416
"../../../Engine/Content/Tutorial/SubEditors/TutorialAssets/T_SmokeSubUV_8X8.uasset" 417
"../../../Engine/Content/Tutorial/SubEditors/TutorialAssets/T_soft_smoke.uasset" 418
"../../../Engine/Content/Tutorial/SubEditors/TutorialAssets/M_smoke_subUV_blackbody.uasset" 419
"../../../Engine/Content/Tutorial/SubEditors/TutorialAssets/TutorialParticleSystem.uasset" 420
"../../../Engine/Content/EditorMeshes/EditorCube.uasset" 421
"../../../Engine/Content/Tutorial/SubEditors/TutorialAssets/Tutorial_DM.uasset" 422
"../../../Engine/Content/VREditor/Devices/Generic/GenericHMDMaterial.uasset" 423
"../../../Engine/Content/VREditor/Devices/Generic/GenericHMD.uasset" 424
"../../../Engine/Content/VREditor/FloatingText/LineMaterial.uasset" 425
"../../../Engine/Content/VREditor/FloatingText/JointSphere.uasset" 426
"../../../Engine/Content/VREditor/FloatingText/LineSegmentCylinder.uasset" 427
"../../../Engine/Content/VREditor/Fonts/VRText_RobotoLarge.uasset" 428
"../../../Engine/Content/VREditor/Fonts/VRTextMaterial.uasset" 429
"../../../Engine/Content/VREditor/Fonts/TranslucentVRTextMaterial.uasset" 430
"../../../Engine/Content/VREditor/LaserPointer/CursorPointer.uasset" 431
"../../../Engine/Content/VREditor/LaserPointer/VR_LaserPower_01.uasset" 432
"../../../Engine/Content/VREditor/TransformGizmo/TransformGizmoMaterial.uasset" 433
"../../../Engine/Content/VREditor/LaserPointer/HoverMaterial.uasset" 434
"../../../Engine/Content/VREditor/TransformGizmo/TranslucentTransformGizmoMaterial.uasset" 435
"../../../Engine/Content/VREditor/LaserPointer/TranslucentHoverMaterial.uasset" 436
"../../../Engine/Content/VREditor/LaserPointer/HoverMesh.uasset" 437
"../../../Engine/Content/VREditor/LaserPointer/LaserPointerMaterial.uasset" 438
"../../../Engine/Content/VREditor/LaserPointer/LaserPointerMaterialInst.uasset" 439
"../../../Engine/Content/VREditor/LaserPointer/TranslucentLaserPointerMaterialInst.uasset" 440
"../../../Engine/Content/VREditor/LaserPointer/LaserPointerMesh.uasset" 441
"../../../Engine/Content/VREditor/LaserPointer/LaserPointerMesh_End.uasset" 442
"../../../Engine/Content/VREditor/LaserPointer/LaserPointerMesh_Start.uasset" 443
"../../../Engine/Content/Functions/Engine_MaterialFunctions02/Math/Transform3x3Matrix.uasset" 444
"../../../Engine/Content/Functions/Engine_MaterialFunctions02/SplitComponents.uasset" 445
"../../../Engine/Content/VREditor/SnapGrid/SnapGridMaterial.uasset" 446
"../../../Engine/Content/VREditor/SnapGrid/SnapGridPlaneMesh.uasset" 447
"../../../Engine/Content/VREditor/Sounds/VR_teleport.uasset" 448
"../../../Engine/Content/VREditor/Sounds/UI/Click_on_Button_Cue.uasset" 449
"../../../Engine/Content/VREditor/Sounds/UI/Dockable_Window_Close.uasset" 450
"../../../Engine/Content/VREditor/Sounds/UI/Dockable_Window_Drop.uasset" 451
"../../../Engine/Content/VREditor/Sounds/UI/Dockable_Window_Open.uasset" 452
"../../../Engine/Content/VREditor/Sounds/UI/Dockable_Window_Pick_Up.uasset" 453
"../../../Engine/Content/VREditor/Sounds/UI/Drop_Item_From_ContentBrowser.uasset" 454
"../../../Engine/Content/VREditor/Sounds/UI/Floating_UI_Open-001.uasset" 455
"../../../Engine/Content/VREditor/Sounds/UI/Gizmo_Handle_Clicked.uasset" 456
"../../../Engine/Content/VREditor/Sounds/UI/Object_PickUp.uasset" 457
"../../../Engine/Content/VREditor/Sounds/UI/Object_Snaps_To_Another_Actor.uasset" 458
"../../../Engine/Content/VREditor/Sounds/UI/Object_Snaps_To_Grid.uasset" 459
"../../../Engine/Content/VREditor/Sounds/UI/Radial_Menu_FadeOut.uasset" 460
"../../../Engine/Content/VREditor/Sounds/UI/Scaling_Down.uasset" 461
"../../../Engine/Content/VREditor/Sounds/UI/Scaling_Up.uasset" 462
"../../../Engine/Content/VREditor/Sounds/UI/Selection_Changes.uasset" 463
"../../../Engine/Content/VREditor/Sounds/UI/Teleport_Mode_Entered.uasset" 464
"../../../Engine/Content/VREditor/Teleport/TeleportDirectionMaterial.uasset" 465
"../../../Engine/Content/VREditor/Teleport/TeleportDirectionMaterial_Inst.uasset" 466
"../../../Engine/Content/VREditor/Teleport/TeleportDirectionMesh.uasset" 467
"../../../Engine/Content/VREditor/TransformGizmo/BoundingBoxCorner.uasset" 468
"../../../Engine/Content/VREditor/TransformGizmo/BoundingBoxEdge.uasset" 469
"../../../Engine/Content/VREditor/TransformGizmo/PlaneTranslationHandle.uasset" 470
"../../../Engine/Content/VREditor/TransformGizmo/RotationHandleFull.uasset" 471
"../../../Engine/Content/VREditor/TransformGizmo/RotationHandleIndicator.uasset" 472
"../../../Engine/Content/VREditor/TransformGizmo/RotationHandleQuarter.uasset" 473
"../../../Engine/Content/VREditor/TransformGizmo/Main.uasset" 474
"../../../Engine/Content/VREditor/TransformGizmo/Xray.uasset" 475
"../../../Engine/Content/VREditor/TransformGizmo/SM_Dialog_Close.uasset" 476
"../../../Engine/Content/VREditor/TransformGizmo/SM_Dialog_Move.uasset" 477
"../../../Engine/Content/VREditor/TransformGizmo/SM_Sequencer_Key.uasset" 478
"../../../Engine/Content/VREditor/TransformGizmo/StartRotationHandleIndicator.uasset" 479
"../../../Engine/Content/VREditor/TransformGizmo/TranslucentTransformGizmoMaterial_Inst.uasset" 480
"../../../Engine/Content/VREditor/TransformGizmo/TransformGizmoFreeRotation.uasset" 481
"../../../Engine/Content/VREditor/TransformGizmo/TransformGizmoMaterial_Inst.uasset" 482
"../../../Engine/Content/VREditor/TransformGizmo/TranslateArrowHandle.uasset" 483
"../../../Engine/Content/VREditor/TransformGizmo/UniformScaleHandle.uasset" 484
"../../../Engine/Content/VREditor/UI/KeyDiskMaterial.uasset" 485
"../../../Engine/Content/VREditor/UI/DiscMaterial.uasset" 486
"../../../Engine/Content/VREditor/UI/SM_Radial_Disk.uasset" 487
"../../../Engine/Content/Functions/Engine_MaterialFunctions01/Gradient/RadialGradient.uasset" 488
"../../../Engine/Content/VREditor/WorldMovementGrid/SimpleGrid.uasset" 489
"../../../Engine/Content/VREditor/WorldMovementGrid/GridMaterial.uasset" 490
"../../../Engine/Content/Functions/Engine_MaterialFunctions01/Density/ExponentialDensity.uasset" 491
"../../../Engine/Content/VREditor/WorldMovementGrid/GridPostProcess.uasset" 492
"../../../Engine/Content/EditorLandscapeResources/FlattenHeightMat.uasset" 493
"../../../Engine/Content/VREditor/WorldMovementGrid/PlaneMesh.uasset" 494
"../../../Engine/Plugins/2D/Paper2D/Content/PlaceholderTextures/DummySpriteTexture.uasset" 495
"../../../Engine/Plugins/2D/Paper2D/Content/DummySprite.uasset" 496
"../../../Engine/Plugins/2D/Paper2D/Content/DefaultPaperTerrainMaterial.uasset" 497
"../../../Engine/Plugins/2D/Paper2D/Content/DefaultSpriteMaterial.uasset" 498
"../../../Engine/Plugins/2D/Paper2D/Content/MaskedUnlitSpriteMaterial.uasset" 499
"../../../Engine/Plugins/2D/Paper2D/Content/OpaqueUnlitSpriteMaterial.uasset" 500
"../../../Engine/Content/Functions/Engine_MaterialFunctions02/WorldPositionOffset/CameraOffset.uasset" 501
"../../../Engine/Plugins/Experimental/ControlRig/Content/M_Manip.uasset" 502
"../../../Engine/Plugins/Experimental/ControlRig/Content/T_Traj.uasset" 503
"../../../Engine/Plugins/Experimental/ControlRig/Content/M_Traj.uasset" 504
"../../../Engine/Plugins/Runtime/Oculus/OculusVR/Content/Textures/GearVRController_AO.uasset" 505
"../../../Engine/Plugins/Runtime/Oculus/OculusVR/Content/Textures/GearVRController_Color.uasset" 506
"../../../Engine/Plugins/Runtime/Oculus/OculusVR/Content/Textures/GearVRController_Normal.uasset" 507
"../../../Engine/Plugins/Runtime/Oculus/OculusVR/Content/Materials/GearVRControllerMaterial.uasset" 508
"../../../Engine/Plugins/Runtime/Oculus/OculusVR/Content/Meshes/GearVrController.uasset" 509
"../../../Engine/Content/EditorBlueprintResources/StandardMacros.uasset" 510
"../../../LuxorGame/Content/Chara/LuxCreationImportedPart_BP.uasset" 511
"../../../LuxorGame/Content/RenderRoom.umap" 512
"../../../LuxorGame/Content/Stage/Common/Blurprints/LBP_StageIndex.uasset" 513
"../../../LuxorGame/Content/System/BPLuxBattleGameMode.uasset" 514
"../../../LuxorGame/Content/Stage/STG001/Maps/STG001.umap" 515
"../../../LuxorGame/Content/Stage/STG001/Maps/STG001_BGBaseA_Day.umap" 516
"../../../LuxorGame/Content/Stage/STG001/Maps/STG001_BGBaseB_Day.umap" 517
"../../../LuxorGame/Content/Stage/STG001/Maps/STG001_BGBaseC_Day.umap" 518
"../../../LuxorGame/Content/Stage/STG001/Maps/STG001_BGBaseD_Day.umap" 519
"../../../LuxorGame/Content/Stage/STG001/Maps/STG001_BGBaseE_Day.umap" 520
"../../../LuxorGame/Content/Stage/STG001/Maps/STG001_BGVFX_Day.umap" 521
"../../../LuxorGame/Content/Stage/STG001/Maps/STG001_Day_Mesh.umap" 522
"../../../LuxorGame/Content/Stage/STG001/Maps/STG001_Lighting_Day.umap" 523
"../../../LuxorGame/Content/Stage/Common/Blurprints/LBP_StageShipCamera.uasset" 524
"../../../LuxorGame/Content/Stage/STG010/Maps/STG010_BuiltData.uasset" 525
"../../../LuxorGame/Content/Stage/STG010/Maps/STG010.umap" 526
"../../../LuxorGame/Content/Stage/STG010/Maps/STG010_BGBase_BuiltData.uasset" 527
"../../../LuxorGame/Content/LuxorCommunity/Template/Meshes/Ground10.uasset" 528
"../../../LuxorGame/Content/Stage/STG010/Maps/STG010_BGBase.umap" 529
"../../../LuxorGame/Content/Stage/STG010/Maps/STG010_BGVFX_BuiltData.uasset" 530
"../../../LuxorGame/Content/Stage/STG010/Maps/STG010_BGVFX.umap" 531
"../../../Engine/Content/EngineSky/C_Sky_Cloud_Color.uasset" 532
"../../../Engine/Content/EngineSky/C_Sky_Horizon_Color.uasset" 533
"../../../Engine/Content/EngineSky/C_Sky_Zenith_Color.uasset" 534
"../../../Engine/Content/EngineSky/T_Sky_Blue.uasset" 535
"../../../Engine/Content/EngineSky/T_Sky_Clouds_M.uasset" 536
"../../../Engine/Content/EngineSky/T_Sky_Stars.uasset" 537
"../../../Engine/Content/EngineSky/M_Sky_Panning_Clouds2.uasset" 538
"../../../Engine/Content/EngineSky/SM_SkySphere.uasset" 539
"../../../Engine/Content/EngineSky/BP_Sky_Sphere.uasset" 540
"../../../LuxorGame/Content/Stage/STG010/Maps/STG010_Lighting_BuiltData.uasset" 541
"../../../LuxorGame/Content/Common/PostProcess/M_PP_FootShadow.uasset" 542
"../../../LuxorGame/Content/Stage/STG010/Custom/MI_STG010_FootShadow.uasset" 543
"../../../LuxorGame/Content/Stage/STG010/Maps/STG010_Lighting.umap" 544
"../../../Engine/Content/Maps/Entry.umap" 545
