Log file open, 11/03/21 12:04:12
LogWindows: Failed to load 'aqProf.dll' (GetLastError=126)
LogWindows: File 'aqProf.dll' does not exist
LogWindows: Failed to load 'VSPerf140.dll' (GetLastError=126)
LogWindows: File 'VSPerf140.dll' does not exist
LogWindows: Failed to load 'VtuneApi.dll' (GetLastError=126)
LogWindows: File 'VtuneApi.dll' does not exist
LogWindows: Failed to load 'VtuneApi32e.dll' (GetLastError=126)
LogWindows: File 'VtuneApi32e.dll' does not exist
LogInit: Display: Running engine for game: LuxorGame
LogPlatformFile: Not using cached read wrapper
LogInit: Display: RandInit(-1496206444) SRandInit(-1496206444).
LogTaskGraph: Started task graph with 5 named threads and 14 total threads with 3 sets of task threads.
LogStats: Stats thread started at 0.969502
LogD3D11RHI: Aftermath initialized
LogPluginManager: Mounting plugin Paper2D
LogPluginManager: Mounting plugin LightPropagationVolume
LogPluginManager: Mounting plugin CodeLiteSourceCodeAccess
LogPluginManager: Mounting plugin GitSourceControl
LogPluginManager: Mounting plugin KDevelopSourceCodeAccess
LogPluginManager: Mounting plugin NullSourceCodeAccess
LogPluginManager: Mounting plugin PerforceSourceControl
LogPluginManager: Mounting plugin SubversionSourceControl
LogPluginManager: Mounting plugin UObjectPlugin
LogPluginManager: Mounting plugin VisualStudioSourceCodeAccess
LogPluginManager: Mounting plugin XCodeSourceCodeAccess
LogPluginManager: Mounting plugin AssetManagerEditor
LogPluginManager: Mounting plugin AudioCapture
LogPluginManager: Mounting plugin FacialAnimation
LogPluginManager: Mounting plugin GameplayTagsEditor
LogPluginManager: Mounting plugin MobileLauncherProfileWizard
LogPluginManager: Mounting plugin PluginBrowser
LogPluginManager: Mounting plugin SpeedTreeImporter
LogPluginManager: Mounting plugin AlembicImporter
LogPluginManager: Mounting plugin CharacterAI
LogPluginManager: Mounting plugin CodeView
LogPluginManager: Mounting plugin ControlRig
LogPluginManager: Mounting plugin HTML5Networking
LogPluginManager: Mounting plugin AndroidMedia
LogPluginManager: Mounting plugin AvfMedia
LogPluginManager: Mounting plugin MediaPlayerEditor
LogPluginManager: Mounting plugin WmfMedia
LogPluginManager: Mounting plugin TcpMessaging
LogPluginManager: Mounting plugin UdpMessaging
LogPluginManager: Mounting plugin LevelSequenceEditor
LogPluginManager: Mounting plugin MatineeToLevelSequence
LogPluginManager: Mounting plugin OnlineSubsystemGooglePlay
LogPluginManager: Mounting plugin OnlineSubsystemIOS
LogPluginManager: Mounting plugin OnlineSubsystem
LogPluginManager: Mounting plugin OnlineSubsystemNull
LogPluginManager: Mounting plugin OnlineSubsystemUtils
LogPluginManager: Mounting plugin AndroidDeviceProfileSelector
LogPluginManager: Mounting plugin AndroidMoviePlayer
LogPluginManager: Mounting plugin AndroidPermission
LogPluginManager: Mounting plugin AppleMoviePlayer
LogPluginManager: Mounting plugin ArchVisCharacter
LogPluginManager: Mounting plugin CableComponent
LogPluginManager: Mounting plugin CustomMeshComponent
LogPluginManager: Mounting plugin ExampleDeviceProfileSelector
LogPluginManager: Mounting plugin GoogleCloudMessaging
LogPluginManager: Mounting plugin ImmediatePhysics
LogPluginManager: Mounting plugin IOSDeviceProfileSelector
LogPluginManager: Mounting plugin LinuxDeviceProfileSelector
LogPluginManager: Mounting plugin LocationServicesBPLibrary
LogPluginManager: Mounting plugin MobilePatchingUtils
LogPluginManager: Mounting plugin Ansel
LogPluginManager: Mounting plugin OculusVR
LogPluginManager: Mounting plugin PhysXVehicles
LogPluginManager: Mounting plugin ProceduralMeshComponent
LogPluginManager: Mounting plugin RuntimePhysXCooking
LogPluginManager: Mounting plugin SteamVR
LogPluginManager: Mounting plugin WindowsMoviePlayer
LogInit: Warning: Incompatible or missing module: UE4Editor-LuxorGame.dll
Running C:/Program Files/Epic Games/UE_4.17/Engine/Binaries/DotNET/UnrealBuildTool.exe LuxorGame Development Win64 -project="C:/Users/logza/Documents/Unreal Projects/LuxorGame2/LuxorGame.uproject" -editorrecompile -progress -NoHotReloadFromIDE
Creating makefile for LuxorGame (no existing makefile)
Performing full C++ include scan (no include cache file)
@progress push 5%
Parsing headers for LuxorGameEditor
  Running UnrealHeaderTool "C:\Users\logza\Documents\Unreal Projects\LuxorGame2\LuxorGame.uproject" "C:\Users\logza\Documents\Unreal Projects\LuxorGame2\Intermediate\Build\Win64\LuxorGameEditor\Development\LuxorGameEditor.uhtmanifest" -LogCmds="loginit warning, logexit warning, logdatabase error" -Unattended -WarningsAsErrors -installed
Reflection code generated for LuxorGameEditor in 7.7421002 seconds
@progress pop
Performing 7 actions (4 in parallel)
[2/7] Resource ModuleVersionResource.rc.inl
[3/7] Resource PCLaunch.rc
SharedPCH.Engine.cpp
Module.LuxorGame.gen.cpp
Module.LuxorGame.cpp
c:\program files\epic games\ue_4.17\engine\source\runtime\core\public\Containers/EnumAsByte.h(19): warning C4996: 'TEnumAsByte_EnumClass<true>': TEnumAsByte is not intended for use with enum classes - please derive your enum class from uint8 instead. Please update your code to the new API before upgrading to the next release, otherwise your project will no longer compile.
c:\program files\epic games\ue_4.17\engine\source\runtime\core\public\Containers/EnumAsByte.h(10): note: see declaration of 'TEnumAsByte_EnumClass<true>'
c:\users\logza\documents\unreal projects\luxorgame2\source\luxorgame\LuxorGame.h(748): note: see reference to class template instantiation 'TEnumAsByte<ELuxBodyScale>' being compiled
c:\program files\epic games\ue_4.17\engine\source\runtime\core\public\Containers/EnumAsByte.h(19): warning C4996: 'TEnumAsByte_EnumClass<true>': TEnumAsByte is not intended for use with enum classes - please derive your enum class from uint8 instead. Please update your code to the new API before upgrading to the next release, otherwise your project will no longer compile.
c:\program files\epic games\ue_4.17\engine\source\runtime\core\public\Containers/EnumAsByte.h(10): note: see declaration of 'TEnumAsByte_EnumClass<true>'
C:\Users\logza\Documents\Unreal Projects\LuxorGame2\Source\LuxorGame\LuxorGame.h(748): note: see reference to class template instantiation 'TEnumAsByte<ELuxBodyScale>' being compiled
[6/7] Link UE4Editor-LuxorGame.dll
[7/7] Link UE4Editor-LuxorGame.lib
   Creating library C:\Users\logza\Documents\Unreal Projects\LuxorGame2\Intermediate\Build\Win64\UE4Editor\Development\UE4Editor-LuxorGame.lib and object C:\Users\logza\Documents\Unreal Projects\LuxorGame2\Intermediate\Build\Win64\UE4Editor\Development\UE4Editor-LuxorGame.exp
   Creating library C:\Users\logza\Documents\Unreal Projects\LuxorGame2\Intermediate\Build\Win64\UE4Editor\Development\UE4Editor-LuxorGame.suppressed.lib and object C:\Users\logza\Documents\Unreal Projects\LuxorGame2\Intermediate\Build\Win64\UE4Editor\Development\UE4Editor-LuxorGame.suppressed.exp
Total build time: 81.42 seconds (Local executor: 25.76 seconds)
LogInit: Using libcurl 7.47.1
LogInit:  - built for x86_64-pc-win32
LogInit:  - supports SSL with OpenSSL/1.0.2g
LogInit:  - supports HTTP deflate (compression) using libz 1.2.8
LogInit:  - other features:
LogInit:      CURL_VERSION_SSL
LogInit:      CURL_VERSION_LIBZ
LogInit:      CURL_VERSION_IPV6
LogInit:      CURL_VERSION_ASYNCHDNS
LogInit:      CURL_VERSION_LARGEFILE
LogInit:      CURL_VERSION_IDN
LogInit:  CurlRequestOptions (configurable via config and command line):
LogInit:  - bVerifyPeer = false  - Libcurl will NOT verify peer certificate
LogInit:  - bUseHttpProxy = false  - Libcurl will NOT use HTTP proxy
LogInit:  - bDontReuseConnections = false  - Libcurl will reuse connections
LogInit:  - CertBundlePath = nullptr  - Libcurl will use whatever was configured at build time.
LogInit: Build: ++UE4+Release-4.17-CL-3658906
LogInit: Engine Version: 4.17.2-3658906+++UE4+Release-4.17
LogInit: Compatible Engine Version: 4.17.0-3573198+++UE4+Release-4.17
LogInit: Net CL: 3573198
LogDevObjectVersion: Number of dev versions registered: 16
LogDevObjectVersion:   Dev-Blueprints (B0D832E4-1F89-4F0D-ACCF-7EB736FD4AA2): 10
LogDevObjectVersion:   Dev-Build (E1C64328-A22C-4D53-A36C-8E866417BD8C): 0
LogDevObjectVersion:   Dev-Core (375EC13C-06E4-48FB-B500-84F0262A717E): 2
LogDevObjectVersion:   Dev-Editor (E4B068ED-F494-42E9-A231-DA0B2E46BB41): 20
LogDevObjectVersion:   Dev-Framework (CFFC743F-43B0-4480-9391-14DF171D2073): 28
LogDevObjectVersion:   Dev-Mobile (B02B49B5-BB20-44E9-A304-32B752E40360): 0
LogDevObjectVersion:   Dev-Networking (A4E4105C-59A1-49B5-A7C5-40C4547EDFEE): 0
LogDevObjectVersion:   Dev-Online (39C831C9-5AE6-47DC-9A44-9C173E1C8E7C): 0
LogDevObjectVersion:   Dev-Physics (78F01B33-EBEA-4F98-B9B4-84EACCB95AA2): 0
LogDevObjectVersion:   Dev-Platform (6631380F-2D4D-43E0-8009-CF276956A95A): 0
LogDevObjectVersion:   Dev-Rendering (12F88B9F-8875-4AFC-A67C-D90C383ABD29): 19
LogDevObjectVersion:   Dev-Sequencer (7B5AE74C-D270-4C10-A958-57980B212A5A): 4
LogDevObjectVersion:   Dev-VR (D7296918-1DD6-4BDD-9DE2-64A83CC13884): 0
LogDevObjectVersion:   Dev-LoadTimes (C2A15278-BFE7-4AFE-6C17-90FF531DF755): 1
LogDevObjectVersion:   Private-Geometry (6EACA3D4-40EC-4CC1-B786-8BED09428FC5): 1
LogDevObjectVersion:   Dev-AnimPhys (29E575DD-E0A3-4627-9D10-D276232CDCEA): 7
LogInit: Compiled (64-bit): Sep 22 2017 13:47:16
LogInit: Compiled with Visual C++: 19.00.24215.01
LogInit: Build Configuration: Development
LogInit: Branch Name: ++UE4+Release-4.17
LogInit: Command line:  
LogInit: Base directory: C:/Program Files/Epic Games/UE_4.17/Engine/Binaries/Win64/
LogInit: Installed Engine Build: 1
LogInit: Presizing for max 8388607 objects, including 0 objects not considered by GC, pre-allocating 0 bytes for permanent pool.
LogInit: Object subsystem initialized
[2021.11.03-17.05.44:644][  0]LogInit: Selected Device Profile: [Windows]
[2021.11.03-17.05.44:644][  0]LogInit: Applying CVar settings loaded from the selected device profile: [Windows]
[2021.11.03-17.05.44:663][  0]LogInit: Computer: DESKTOP-3VQ88CM
[2021.11.03-17.05.44:663][  0]LogInit: User: logza
[2021.11.03-17.05.44:663][  0]LogInit: CPU Page size=4096, Cores=4
[2021.11.03-17.05.44:663][  0]LogInit: High frequency timer resolution =10.000000 MHz
[2021.11.03-17.05.44:663][  0]LogMemory: Memory total: Physical=31.9GB (32GB approx)
[2021.11.03-17.05.44:663][  0]LogMemory: Platform Memory Stats for Windows
[2021.11.03-17.05.44:663][  0]LogMemory: Process Physical Memory: 284.48 MB used, 284.48 MB peak
[2021.11.03-17.05.44:663][  0]LogMemory: Process Virtual Memory: 275.45 MB used, 275.45 MB peak
[2021.11.03-17.05.44:663][  0]LogMemory: Physical Memory: 9445.21 MB used,  23251.29 MB free, 32696.50 MB total
[2021.11.03-17.05.44:663][  0]LogMemory: Virtual Memory: 4851.00 MB used,  23251.29 MB free, 134217728.00 MB total
[2021.11.03-17.05.46:491][  0]LogInit: Using OS detected language (en-US).
[2021.11.03-17.05.46:491][  0]LogInit: Using OS detected locale (en-US).
[2021.11.03-17.05.46:566][  0]LogTextLocalizationManager: No specific localization for 'en-US' exists, so the 'en' localization will be used.
[2021.11.03-17.05.50:377][  0]LogD3D11RHI: D3D11 adapters:
[2021.11.03-17.05.50:503][  0]LogD3D11RHI:    0. 'NVIDIA GeForce GTX 1080' (Feature Level 11_0)
[2021.11.03-17.05.50:503][  0]LogD3D11RHI:       8079/0/16348 MB DedicatedVideo/DedicatedSystem/SharedSystem, Outputs:1, VendorId:0x10de
[2021.11.03-17.05.50:506][  0]LogD3D11RHI:    1. 'Microsoft Basic Render Driver' (Feature Level 11_0)
[2021.11.03-17.05.50:506][  0]LogD3D11RHI:       0/0/16348 MB DedicatedVideo/DedicatedSystem/SharedSystem, Outputs:0, VendorId:0x1414
[2021.11.03-17.05.50:506][  0]LogD3D11RHI: Chosen D3D11 Adapter: 0
[2021.11.03-17.05.50:513][  0]LogD3D11RHI: Creating new Direct3DDevice
[2021.11.03-17.05.50:513][  0]LogD3D11RHI:     GPU DeviceId: 0x1b80 (for the marketing name, search the web for "GPU Device Id")
[2021.11.03-17.05.50:513][  0]LogWindows: EnumDisplayDevices:
[2021.11.03-17.05.50:513][  0]LogWindows:    0. 'NVIDIA GeForce GTX 1080' (P:1 D:1)
[2021.11.03-17.05.50:513][  0]LogWindows:    1. 'NVIDIA GeForce GTX 1080' (P:0 D:0)
[2021.11.03-17.05.50:514][  0]LogWindows:    2. 'NVIDIA GeForce GTX 1080' (P:0 D:0)
[2021.11.03-17.05.50:514][  0]LogWindows:    3. 'NVIDIA GeForce GTX 1080' (P:0 D:0)
[2021.11.03-17.05.50:514][  0]LogWindows: DebugString: GetVideoDriverDetailsInvalid PrimaryIsNotTheChoosenAdapter GetVideoDriverDetailsInvalid PrimaryIsNotTheChoosenAdapter GetVideoDriverDetailsInvalid PrimaryIsNotTheChoosenAdapter GetVideoDriverDetailsInvalid PrimaryIsNotTheChoosenAdapter FoundDriverCount:0 
[2021.11.03-17.05.50:514][  0]LogD3D11RHI:     Adapter Name: NVIDIA GeForce GTX 1080
[2021.11.03-17.05.50:514][  0]LogD3D11RHI:   Driver Version: Unknown (internal:Unknown, unified:Unknown)
[2021.11.03-17.05.50:514][  0]LogD3D11RHI:      Driver Date: Unknown
[2021.11.03-17.05.50:514][  0]LogRHI: Texture pool is 1361 MB (70% of 1945 MB)
[2021.11.03-17.05.50:601][  0]LogD3D11RHI: Async texture creation enabled
[2021.11.03-17.05.50:664][  0]LogD3D11RHI: GPU Timing Frequency: 1000.000000 (Debug: 2 1)
[2021.11.03-17.05.50:674][  0]LogShaderCompilers: Guid format shader working directory is -21 characters bigger than the processId version (../../../../../../Users/logza/Documents/Unreal Projects/LuxorGame2/Intermediate/Shaders/WorkingDirectory/12960/).
[2021.11.03-17.05.50:674][  0]LogShaderCompilers: Cleaned the shader compiler working directory 'C:/Users/logza/AppData/Local/Temp/UnrealShaderWorkingDir/57FBC7E64334D347BB5EC3B18FA06D46/'.
[2021.11.03-17.05.50:675][  0]LogShaderCompilers: Display: Using Local Shader Compiler.
[2021.11.03-17.05.53:875][  0]LogTemp: Display: Loaded TP AllDesktopTargetPlatform
[2021.11.03-17.05.54:216][  0]LogTemp: Display: Loaded TP MacClientTargetPlatform
[2021.11.03-17.05.54:562][  0]LogTemp: Display: Loaded TP MacNoEditorTargetPlatform
[2021.11.03-17.05.54:903][  0]LogTemp: Display: Loaded TP MacServerTargetPlatform
[2021.11.03-17.05.55:264][  0]LogTemp: Display: Loaded TP MacTargetPlatform
[2021.11.03-17.05.55:608][  0]LogTemp: Display: Loaded TP WindowsClientTargetPlatform
[2021.11.03-17.05.55:950][  0]LogTemp: Display: Loaded TP WindowsNoEditorTargetPlatform
[2021.11.03-17.05.56:291][  0]LogTemp: Display: Loaded TP WindowsServerTargetPlatform
[2021.11.03-17.05.56:655][  0]LogTemp: Display: Loaded TP WindowsTargetPlatform
[2021.11.03-17.05.57:015][  0]LogTemp: Display: Loaded TP AndroidTargetPlatform
[2021.11.03-17.05.57:377][  0]LogTemp: Display: Loaded TP Android_ASTCTargetPlatform
[2021.11.03-17.05.57:748][  0]LogTemp: Display: Loaded TP Android_ATCTargetPlatform
[2021.11.03-17.05.58:107][  0]LogTemp: Display: Loaded TP Android_DXTTargetPlatform
[2021.11.03-17.05.58:446][  0]LogTemp: Display: Loaded TP Android_ETC1TargetPlatform
[2021.11.03-17.05.58:795][  0]LogTemp: Display: Loaded TP Android_ETC2TargetPlatform
[2021.11.03-17.05.59:479][  0]LogTemp: Display: Loaded TP Android_MultiTargetPlatform
[2021.11.03-17.05.59:479][  0]LogTemp: Display: Loaded TP Android_PVRTCTargetPlatform
[2021.11.03-17.05.59:812][  0]LogTemp: Display: Loaded TP HTML5TargetPlatform
[2021.11.03-17.06.00:402][  0]LogTemp: Display: Loaded TP IOSTargetPlatform
[2021.11.03-17.06.00:607][  0]LogTemp: Display: Loaded TP TVOSTargetPlatform
[2021.11.03-17.06.00:950][  0]LogTemp: Display: Loaded TP LinuxClientTargetPlatform
[2021.11.03-17.06.01:300][  0]LogTemp: Display: Loaded TP LinuxNoEditorTargetPlatform
[2021.11.03-17.06.01:651][  0]LogTemp: Display: Loaded TP LinuxServerTargetPlatform
[2021.11.03-17.06.02:044][  0]LogTemp: Display: Loaded TP LinuxTargetPlatform
[2021.11.03-17.06.02:044][  0]LogTargetPlatformManager: Display: Building Assets For Windows
[2021.11.03-17.06.06:917][  0]LogDerivedDataCache: Display: Max Cache Size: 512 MB
[2021.11.03-17.06.08:180][  0]LogDerivedDataCache: Loaded boot cache 1.26s 93MB C:/Users/logza/AppData/Local/UnrealEngine/4.17/DerivedDataCache/Boot.ddc.
[2021.11.03-17.06.08:180][  0]LogDerivedDataCache: Display: Loaded Boot cache: C:/Users/logza/AppData/Local/UnrealEngine/4.17/DerivedDataCache/Boot.ddc
[2021.11.03-17.06.08:180][  0]LogDerivedDataCache: FDerivedDataBackendGraph:  Pak pak cache file ../../../../../../Users/logza/Documents/Unreal Projects/LuxorGame2/DerivedDataCache/DDC.ddp not found, will not use a pak cache.
[2021.11.03-17.06.08:180][  0]LogDerivedDataCache: Unable to find inner node Pak for hierarchical cache Hierarchy.
[2021.11.03-17.06.08:180][  0]LogDerivedDataCache: FDerivedDataBackendGraph:  CompressedPak pak cache file ../../../../../../Users/logza/Documents/Unreal Projects/LuxorGame2/DerivedDataCache/Compressed.ddp not found, will not use a pak cache.
[2021.11.03-17.06.08:180][  0]LogDerivedDataCache: Unable to find inner node CompressedPak for hierarchical cache Hierarchy.
[2021.11.03-17.06.08:210][  0]LogDerivedDataCache: Display: Pak cache opened for reading ../../../Engine/DerivedDataCache/Compressed.ddp.
[2021.11.03-17.06.08:254][  0]LogDerivedDataCache: Using Local data cache path C:/Users/logza/AppData/Local/UnrealEngine/Common/DerivedDataCache: Writable
[2021.11.03-17.06.08:266][  0]LogMaterial: Verifying Global Shaders for PCD3D_SM5
[2021.11.03-17.06.08:273][  0]LogSlate: Using Freetype 2.6.0
[2021.11.03-17.06.08:293][  0]LogSlate: SlateFontCache - WITH_FREETYPE: 1, WITH_HARFBUZZ: 1
[2021.11.03-17.06.08:294][  0]LogSlate: SlateFontCache - WITH_FREETYPE: 1, WITH_HARFBUZZ: 1
[2021.11.03-17.06.12:630][  0]LogAssetRegistry: FAssetRegistry took 0.0293 seconds to start up
[2021.11.03-17.06.13:032][  0]LogInit: Selected Device Profile: [Windows]
[2021.11.03-17.06.15:556][  0]LogSimplygon: Simplygon DLL not present - disabling.
[2021.11.03-17.06.15:908][  0]LogMeshReduction: Using SimplygonSwarm for distributed automatic mesh merging
[2021.11.03-17.06.15:908][  0]LogMeshReduction: Using QuadricMeshReduction for automatic static mesh reduction
[2021.11.03-17.06.15:909][  0]LogMeshReduction: No automatic skeletal mesh reduction module available
[2021.11.03-17.06.15:909][  0]LogMeshReduction: No automatic mesh merging module available
[2021.11.03-17.06.15:909][  0]LogMeshMerging: No automatic mesh merging module available
[2021.11.03-17.06.15:925][  0]LogContentStreaming: Texture pool size is 0.00 MB
[2021.11.03-17.06.16:913][  0]LogNetVersion: LuxorGame , NetCL: 3573198, EngineNetVer: 2, GameNetVer: 0 (Checksum: 793289054)
[2021.11.03-17.06.17:837][  0]LogPackageLocalizationCache: Processed 6 localized package path(s) for 2 prioritized culture(s) in 0.068087 seconds
[2021.11.03-17.06.17:842][  0]LogUObjectArray: 35825 objects as part of root set at end of initial load.
[2021.11.03-17.06.17:842][  0]LogUObjectAllocator: 7529104 out of 0 bytes used by permanent object pool.
[2021.11.03-17.06.17:842][  0]LogUObjectArray: CloseDisregardForGC: 0/0 objects in disregard for GC pool
[2021.11.03-17.06.18:513][  0]LogInit: WinSock: version 1.1 (2.2), MaxSocks=32767, MaxUdp=65467
[2021.11.03-17.06.41:084][  0]LogTcpMessaging: Initializing TcpMessaging bridge
[2021.11.03-17.06.41:378][  0]LogUdpMessaging: Initializing bridge on interface 0.0.0.0:0 to multicast group 230.0.0.1:6666.
[2021.11.03-17.07.10:487][  0]LogMaterial: Uniform references updated for custom material expression Custom.
[2021.11.03-17.07.13:211][  0]SourceControl: Source control is disabled
[2021.11.03-17.07.13:211][  0]SourceControl: Source control is disabled
[2021.11.03-17.07.13:579][  0]SourceControl: Source control is disabled
[2021.11.03-17.07.13:941][  0]SourceControl: Source control is disabled
[2021.11.03-17.07.18:711][  0]LogAndroidPermission: UAndroidPermissionCallbackProxy::GetInstance
[2021.11.03-17.07.20:578][  0]LogAnsel: Tried to load ../../../Engine/Plugins/Runtime/Nvidia/Ansel/Binaries/ThirdParty/AnselSDK64.dll : success=1
[2021.11.03-17.07.20:963][  0]LogOcInput: OculusInput pre-init called
[2021.11.03-17.07.22:702][  0]LogEngine: Initializing Engine...
[2021.11.03-17.07.22:704][  0]LogHMD: Failed to initialize OpenVR with code 110
[2021.11.03-17.07.22:905][  0]LogStats: UGameplayTagsManager::ConstructGameplayTagTree: Construct from data asset -  0.000 s
[2021.11.03-17.07.22:906][  0]LogStats: UGameplayTagsManager::ConstructGameplayTagTree: GameplayTagTreeChangedEvent.Broadcast -  0.000 s
[2021.11.03-17.07.23:979][  0]LogAIModule: Creating AISystem for world Untitled
[2021.11.03-17.07.24:105][  0]LogInit: XAudio2 using 'VoiceMeeter Input (VB-Audio VoiceMeeter VAIO)' : 2 channels at 48 kHz using 24 bits per sample (channel mask 0x3)
[2021.11.03-17.07.24:128][  0]LogInit: FAudioDevice initialized.
[2021.11.03-17.07.24:269][  0]LogDerivedDataCache: Saved boot cache 0.14s 93MB C:/Users/logza/AppData/Local/UnrealEngine/4.17/DerivedDataCache/Boot.ddc.
[2021.11.03-17.07.24:277][  0]LogInit: Texture streaming: Enabled
[2021.11.03-17.07.25:438][  0]LogEngineSessionManager: EngineSessionManager initialized
[2021.11.03-17.07.27:456][  0]LogInit: Transaction tracking system initialized
[2021.11.03-17.07.30:198][  0]BlueprintLog: New page: Editor Load
[2021.11.03-17.07.38:564][  0]LocalizationService: Localization service is disabled
[2021.11.03-17.07.56:414][  0]LogConsoleResponse: Display: 
[2021.11.03-17.07.56:912][  0]LogCook: Display: Max memory allowance for cook 16384mb min free memory 0mb
[2021.11.03-17.07.56:913][  0]LogCook: Display: Mobile HDR setting 1
[2021.11.03-17.07.56:914][  0]LogGameplayTags: Display: UGameplayTagsManager::DoneAddingNativeTags. DelegateIsBound: 0
[2021.11.03-17.07.57:459][  0]LogFileCache: Scanning file cache for directory 'C:/Users/logza/Documents/Unreal Projects/LuxorGame2/Content/' took 0.02s
[2021.11.03-17.08.07:667][  0]SourceControl: Source control is disabled
[2021.11.03-17.08.07:670][  0]Cmd: MAP LOAD FILE="../../../../../../Users/logza/Documents/Unreal Projects/LuxorGame2/Content/RenderRoom.umap" TEMPLATE=0 SHOWPROGRESS=1 FEATURELEVEL=3
[2021.11.03-17.08.07:671][  0]LightingResults: New page: Lighting Build
[2021.11.03-17.08.08:045][  0]MapCheck: New page: Map Check
[2021.11.03-17.08.08:045][  0]LightingResults: New page: Lighting Build
[2021.11.03-17.08.08:361][  0]LogSpawn: Warning: UWorld::DestroyActor: World has no context! World: RenderRoom, Actor: /Game/RenderRoom.RenderRoom:PersistentLevel.WorldSettings_0
[2021.11.03-17.08.08:908][  0]LogAIModule: Creating AISystem for world RenderRoom
[2021.11.03-17.08.08:924][  0]LogScript: Warning: Accessed None trying to read property CreationPart
	LuxCreationImportedPart_BP_C /Game/RenderRoom.RenderRoom:PersistentLevel.LuxCreationImportedPart_BP_29654
	Function /Game/Chara/LuxCreationImportedPart_BP.LuxCreationImportedPart_BP_C:UserConstructionScript:0074
[2021.11.03-17.08.08:924][  0]LogScript: Warning: Accessed None
	LuxCreationImportedPart_BP_C /Game/RenderRoom.RenderRoom:PersistentLevel.LuxCreationImportedPart_BP_29654
	Function /Game/Chara/LuxCreationImportedPart_BP.LuxCreationImportedPart_BP_C:UserConstructionScript:0055
[2021.11.03-17.08.08:924][  0]LogScript: Warning: Accessed None trying to read property CreationPart
	LuxCreationImportedPart_BP_C /Game/RenderRoom.RenderRoom:PersistentLevel.LuxCreationImportedPart_BP_29654
	Function /Game/Chara/LuxCreationImportedPart_BP.LuxCreationImportedPart_BP_C:UserConstructionScript:01A5
[2021.11.03-17.08.08:924][  0]LogScript: Warning: Accessed None
	LuxCreationImportedPart_BP_C /Game/RenderRoom.RenderRoom:PersistentLevel.LuxCreationImportedPart_BP_29654
	Function /Game/Chara/LuxCreationImportedPart_BP.LuxCreationImportedPart_BP_C:UserConstructionScript:0186
[2021.11.03-17.08.08:932][  0]LogEditorServer: Finished looking for orphan Actors (0.000 secs)
[2021.11.03-17.08.08:947][  0]Cmd: MAP CHECKDEP NOCLEARLOG
[2021.11.03-17.08.09:077][  0]MapCheck: Map check complete: 0 Error(s), 0 Warning(s), took 129.613ms to complete.
[2021.11.03-17.08.09:077][  0]LogFileHelpers: Loading map 'RenderRoom' took 1.409
[2021.11.03-17.08.09:905][  0]LogCollectionManager: Loaded 0 collections in 0.001671 seconds
[2021.11.03-17.08.10:322][  0]LogFileCache: Scanning file cache for directory 'C:/Users/logza/Documents/Unreal Projects/LuxorGame2/Saved/Collections/' took 0.01s
[2021.11.03-17.08.10:322][  0]LogFileCache: Scanning file cache for directory 'C:/Users/logza/Documents/Unreal Projects/LuxorGame2/Content/Developers/logza/Collections/' took 0.01s
[2021.11.03-17.08.10:322][  0]LogFileCache: Scanning file cache for directory 'C:/Users/logza/Documents/Unreal Projects/LuxorGame2/Content/Collections/' took 0.01s
[2021.11.03-17.08.10:322][  0]LogCollectionManager: Rebuilt the GUID cache for 0 collections in 0.000000 seconds
[2021.11.03-17.08.10:338][  0]LogContentBrowser: Native class hierarchy populated in 0.0137 seconds. Added 2455 classes and 518 folders.
[2021.11.03-17.08.10:938][  0]LogContentBrowser: Native class hierarchy updated for 'WidgetCarousel' in 0.0050 seconds. Added 0 classes and 0 folders.
[2021.11.03-17.08.11:577][  0]LogContentBrowser: Native class hierarchy updated for 'AddContentDialog' in 0.0047 seconds. Added 0 classes and 0 folders.
[2021.11.03-17.08.11:966][  0]LogContentBrowser: Native class hierarchy updated for 'SceneOutliner' in 0.0045 seconds. Added 1 classes and 2 folders.
[2021.11.03-17.08.12:184][  0]LogSlate: Took 0.007681 seconds to synchronously load lazily loaded font '../../../Engine/Content/Slate/Fonts/Roboto-Regular.ttf' (155K)
[2021.11.03-17.08.12:195][  0]LogSlate: Took 0.008483 seconds to synchronously load lazily loaded font '../../../Engine/Content/Slate/Fonts/Roboto-Bold.ttf' (160K)
[2021.11.03-17.08.12:208][  0]LogSlate: Took 0.006109 seconds to synchronously load lazily loaded font '../../../Engine/Content/Editor/Slate/Fonts/FontAwesome.ttf' (139K)
[2021.11.03-17.08.12:216][  0]LogSlate: Took 0.007588 seconds to synchronously load lazily loaded font '../../../Engine/Content/Editor/Slate/Fonts/DroidSansMono.ttf' (77K)
[2021.11.03-17.08.12:363][  0]LogRenderer: Reallocating scene render targets to support 1116x476 Format 10 NumSamples 1 (Frame:1).
[2021.11.03-17.08.12:444][  0]LogSlate: Took 0.005988 seconds to synchronously load lazily loaded font '../../../Engine/Content/Slate/Fonts/Roboto-Light.ttf' (159K)
[2021.11.03-17.08.12:910][  0]LogContentBrowser: Native class hierarchy updated for 'HierarchicalLODOutliner' in 0.0046 seconds. Added 1 classes and 2 folders.
[2021.11.03-17.08.12:910][  0]LogLoad: (Engine Initialization) Total time: 246.04 seconds
[2021.11.03-17.08.12:910][  0]LogLoad: (Engine Initialization) Total Blueprint compile time: 0.00 seconds
[2021.11.03-17.08.12:910][  0]LogExternalProfiler: No external profilers were discovered.  External profiling features will not be available.
[2021.11.03-17.08.12:944][  0]LogContentStreaming: Texture pool size now 1000 MB
[2021.11.03-17.08.13:008][  1]LogAssetRegistry: Asset discovery search completed in 120.4003 seconds
[2021.11.03-17.08.13:010][  1]LogCollectionManager: Rebuilt the object cache for 0 collections in 0.000000 seconds (found 0 objects)
[2021.11.03-17.08.13:010][  1]LogCollectionManager: Fixed up redirectors for 0 collections in 0.000133 seconds (updated 0 objects)
[2021.11.03-17.08.13:943][103]LogSlate: Took 0.000287 seconds to synchronously load lazily loaded font '../../../Engine/Content/Slate/Fonts/Roboto-Light.ttf' (159K)
[2021.11.03-17.08.16:839][411]Cmd: QUIT_EDITOR
[2021.11.03-17.08.16:859][411]LogWindowsTextInputMethodSystem: Display: IME system now deactivated.
[2021.11.03-17.08.16:870][411]LogExit: Preparing to exit.
[2021.11.03-17.08.17:476][411]LogDirectoryWatcher: A directory notification for 'C:/Users/logza/Documents/Unreal Projects/LuxorGame2/Content/' was aborted.
[2021.11.03-17.08.17:491][411]LogExit: Editor shut down
[2021.11.03-17.08.17:493][411]LogExit: Transaction tracking system shut down
[2021.11.03-17.08.17:654][411]LogDirectoryWatcher: A directory notification for '../../../Engine/Content/' was aborted.
[2021.11.03-17.08.17:654][411]LogDirectoryWatcher: A directory notification for '../../../../../../Users/logza/Documents/Unreal Projects/LuxorGame2/Content/' was aborted.
[2021.11.03-17.08.17:654][411]LogDirectoryWatcher: A directory notification for '../../../Engine/Plugins/2D/Paper2D/Content/' was aborted.
[2021.11.03-17.08.17:654][411]LogDirectoryWatcher: A directory notification for '../../../Engine/Plugins/Experimental/ControlRig/Content/' was aborted.
[2021.11.03-17.08.17:655][411]LogDirectoryWatcher: A directory notification for '../../../Engine/Plugins/Runtime/Oculus/OculusVR/Content/' was aborted.
[2021.11.03-17.08.17:655][411]LogDirectoryWatcher: A directory notification for '../../../Engine/Plugins/Runtime/Steam/SteamVR/Content/' was aborted.
[2021.11.03-17.08.17:710][411]LogExit: Object subsystem successfully closed.
[2021.11.03-17.08.17:727][411]LogD3D11RHI: Shutdown
[2021.11.03-17.08.17:727][411]LogD3D11RHI: CleanupD3DDevice
[2021.11.03-17.08.17:794][411]LogD3D11RHI: ~FD3D11DynamicRHI
[2021.11.03-17.08.17:912][411]LogModuleManager: Shutting down and abandoning module HierarchicalLODOutliner (542)
[2021.11.03-17.08.17:912][411]LogModuleManager: Shutting down and abandoning module SceneOutliner (540)
[2021.11.03-17.08.17:912][411]LogModuleManager: Shutting down and abandoning module AddContentDialog (538)
[2021.11.03-17.08.17:912][411]LogDirectoryWatcher: A directory notification for 'C:/Program Files/Epic Games/UE_4.17/FeaturePacks/' was aborted.
[2021.11.03-17.08.17:913][411]LogModuleManager: Shutting down and abandoning module WidgetCarousel (537)
[2021.11.03-17.08.17:913][411]LogModuleManager: Shutting down and abandoning module EditorWidgets (534)
[2021.11.03-17.08.17:913][411]LogModuleManager: Shutting down and abandoning module CollectionManager (532)
[2021.11.03-17.08.17:913][411]LogDirectoryWatcher: A directory notification for 'C:/Users/logza/Documents/Unreal Projects/LuxorGame2/Content/Collections/' was aborted.
[2021.11.03-17.08.17:913][411]LogDirectoryWatcher: A directory notification for 'C:/Users/logza/Documents/Unreal Projects/LuxorGame2/Content/Developers/logza/Collections/' was aborted.
[2021.11.03-17.08.17:913][411]LogDirectoryWatcher: A directory notification for 'C:/Users/logza/Documents/Unreal Projects/LuxorGame2/Saved/Collections/' was aborted.
[2021.11.03-17.08.17:913][411]LogModuleManager: Shutting down and abandoning module WorldBrowser (530)
[2021.11.03-17.08.17:913][411]LogModuleManager: Shutting down and abandoning module StatsViewer (528)
[2021.11.03-17.08.17:913][411]LogModuleManager: Shutting down and abandoning module FoliageEdit (526)
[2021.11.03-17.08.17:913][411]LogModuleManager: Shutting down and abandoning module LandscapeEditor (524)
[2021.11.03-17.08.17:914][411]LogModuleManager: Shutting down and abandoning module MeshPaintMode (522)
[2021.11.03-17.08.17:914][411]LogModuleManager: Shutting down and abandoning module SceneDepthPickerMode (520)
[2021.11.03-17.08.17:914][411]LogModuleManager: Shutting down and abandoning module ActorPickerMode (518)
[2021.11.03-17.08.17:914][411]LogModuleManager: Shutting down and abandoning module GeometryMode (516)
[2021.11.03-17.08.17:914][411]LogModuleManager: Shutting down and abandoning module TextureAlignMode (514)
[2021.11.03-17.08.17:914][411]LogModuleManager: Shutting down and abandoning module BspMode (512)
[2021.11.03-17.08.17:914][411]LogModuleManager: Shutting down and abandoning module PIEPreviewDeviceProfileSelector (510)
[2021.11.03-17.08.17:914][411]LogModuleManager: Shutting down and abandoning module HardwareSurvey (508)
[2021.11.03-17.08.17:914][411]LogModuleManager: Shutting down and abandoning module SequenceRecorderSections (506)
[2021.11.03-17.08.17:914][411]LogModuleManager: Shutting down and abandoning module AutomationWorker (504)
[2021.11.03-17.08.17:914][411]LogModuleManager: Shutting down and abandoning module MatineeToLevelSequence (502)
[2021.11.03-17.08.17:914][411]LogModuleManager: Shutting down and abandoning module LevelSequenceEditor (500)
[2021.11.03-17.08.17:915][411]LogModuleManager: Shutting down and abandoning module PlacementMode (499)
[2021.11.03-17.08.17:915][411]LogModuleManager: Shutting down and abandoning module WmfMediaFactory (496)
[2021.11.03-17.08.17:915][411]LogModuleManager: Shutting down and abandoning module WmfMediaEditor (494)
[2021.11.03-17.08.17:915][411]LogModuleManager: Shutting down and abandoning module AvfMediaFactory (492)
[2021.11.03-17.08.17:915][411]LogModuleManager: Shutting down and abandoning module AvfMediaEditor (490)
[2021.11.03-17.08.17:915][411]LogModuleManager: Shutting down and abandoning module AndroidMediaFactory (488)
[2021.11.03-17.08.17:915][411]LogModuleManager: Shutting down and abandoning module Media (487)
[2021.11.03-17.08.17:915][411]LogModuleManager: Shutting down and abandoning module AndroidMediaEditor (484)
[2021.11.03-17.08.17:915][411]LogModuleManager: Shutting down and abandoning module ControlRigEditor (482)
[2021.11.03-17.08.17:915][411]LogModuleManager: Shutting down and abandoning module CharacterAI (480)
[2021.11.03-17.08.17:915][411]LogModuleManager: Shutting down and abandoning module AudioCapture (478)
[2021.11.03-17.08.17:915][411]LogModuleManager: Shutting down and abandoning module SequenceRecorder (477)
[2021.11.03-17.08.17:915][411]LogModuleManager: Shutting down and abandoning module SmartSnapping (474)
[2021.11.03-17.08.17:915][411]LogModuleManager: Shutting down and abandoning module SessionServices (472)
[2021.11.03-17.08.17:915][411]LogModuleManager: Shutting down and abandoning module ViewportSnapping (470)
[2021.11.03-17.08.17:915][411]LogModuleManager: Shutting down and abandoning module ViewportInteraction (468)
[2021.11.03-17.08.17:915][411]LogModuleManager: Shutting down and abandoning module ClothPainter (466)
[2021.11.03-17.08.17:915][411]LogModuleManager: Shutting down and abandoning module LogVisualizer (464)
[2021.11.03-17.08.17:916][411]LogModuleManager: Shutting down and abandoning module IntroTutorials (462)
[2021.11.03-17.08.17:916][411]LogModuleManager: Shutting down and abandoning module GameProjectGeneration (461)
[2021.11.03-17.08.17:916][411]LogModuleManager: Shutting down and abandoning module IOSPlatformEditor (458)
[2021.11.03-17.08.17:916][411]LogModuleManager: Shutting down and abandoning module HTML5PlatformEditor (456)
[2021.11.03-17.08.17:916][411]LogModuleManager: Shutting down and abandoning module AndroidPlatformEditor (454)
[2021.11.03-17.08.17:916][411]LogModuleManager: Shutting down and abandoning module AndroidDeviceDetection (453)
[2021.11.03-17.08.18:899][411]LogModuleManager: Shutting down and abandoning module WindowsPlatformEditor (450)
[2021.11.03-17.08.18:899][411]LogModuleManager: Shutting down and abandoning module IOSRuntimeSettings (448)
[2021.11.03-17.08.18:899][411]LogModuleManager: Shutting down and abandoning module AndroidRuntimeSettings (446)
[2021.11.03-17.08.18:899][411]LogModuleManager: Shutting down and abandoning module InputBindingEditor (444)
[2021.11.03-17.08.18:899][411]LogModuleManager: Shutting down and abandoning module MergeActors (442)
[2021.11.03-17.08.18:904][411]LogModuleManager: Shutting down and abandoning module SizeMap (440)
[2021.11.03-17.08.18:904][411]LogModuleManager: Shutting down and abandoning module TreeMap (438)
[2021.11.03-17.08.18:904][411]LogModuleManager: Shutting down and abandoning module ReferenceViewer (436)
[2021.11.03-17.08.18:904][411]LogModuleManager: Shutting down and abandoning module LocalizationDashboard (434)
[2021.11.03-17.08.18:905][411]LogModuleManager: Shutting down and abandoning module LocalizationService (433)
[2021.11.03-17.08.18:905][411]LogModuleManager: Shutting down and abandoning module HardwareTargeting (430)
[2021.11.03-17.08.18:905][411]LogModuleManager: Shutting down and abandoning module DeviceProfileEditor (428)
[2021.11.03-17.08.18:905][411]LogModuleManager: Shutting down and abandoning module UndoHistory (426)
[2021.11.03-17.08.18:905][411]LogModuleManager: Shutting down and abandoning module XmlParser (424)
[2021.11.03-17.08.18:905][411]LogModuleManager: Shutting down and abandoning module Blutility (422)
[2021.11.03-17.08.18:905][411]LogModuleManager: Shutting down and abandoning module ProjectSettingsViewer (420)
[2021.11.03-17.08.18:905][411]LogModuleManager: Shutting down and abandoning module ProjectTargetPlatformEditor (419)
[2021.11.03-17.08.18:905][411]LogModuleManager: Shutting down and abandoning module EditorSettingsViewer (416)
[2021.11.03-17.08.18:905][411]LogModuleManager: Shutting down and abandoning module SettingsEditor (414)
[2021.11.03-17.08.18:905][411]LogModuleManager: Shutting down and abandoning module ProjectLauncher (412)
[2021.11.03-17.08.18:906][411]LogModuleManager: Shutting down and abandoning module SessionFrontend (410)
[2021.11.03-17.08.18:906][411]LogModuleManager: Shutting down and abandoning module ProfilerClient (408)
[2021.11.03-17.08.18:906][411]LogModuleManager: Shutting down and abandoning module DeviceManager (406)
[2021.11.03-17.08.18:906][411]LogModuleManager: Shutting down and abandoning module TargetDeviceServices (405)
[2021.11.03-17.08.18:971][411]LogModuleManager: Shutting down and abandoning module AutomationController (402)
[2021.11.03-17.08.18:971][411]LogModuleManager: Shutting down and abandoning module AutomationWindow (400)
[2021.11.03-17.08.18:972][411]LogModuleManager: Shutting down and abandoning module Layers (398)
[2021.11.03-17.08.18:973][411]LogModuleManager: Shutting down and abandoning module ComponentVisualizers (396)
[2021.11.03-17.08.18:973][411]LogModuleManager: Shutting down and abandoning module DetailCustomizations (394)
[2021.11.03-17.08.18:973][411]LogModuleManager: Shutting down and abandoning module PackagesDialog (392)
[2021.11.03-17.08.18:974][411]LogModuleManager: Shutting down and abandoning module Persona (390)
[2021.11.03-17.08.18:974][411]LogModuleManager: Shutting down and abandoning module AdvancedPreviewScene (389)
[2021.11.03-17.08.18:974][411]LogModuleManager: Shutting down and abandoning module AnimGraph (387)
[2021.11.03-17.08.18:974][411]LogModuleManager: Shutting down and abandoning module Kismet (384)
[2021.11.03-17.08.18:975][411]LogModuleManager: Shutting down and abandoning module ClassViewer (382)
[2021.11.03-17.08.18:975][411]LogModuleManager: Shutting down and abandoning module Toolbox (380)
[2021.11.03-17.08.18:975][411]LogModuleManager: Shutting down and abandoning module ModuleUI (378)
[2021.11.03-17.08.18:975][411]LogModuleManager: Shutting down and abandoning module MovieSceneTools (376)
[2021.11.03-17.08.18:976][411]LogModuleManager: Shutting down and abandoning module OutputLog (374)
[2021.11.03-17.08.18:976][411]LogModuleManager: Shutting down and abandoning module GammaUI (372)
[2021.11.03-17.08.18:976][411]LogModuleManager: Shutting down and abandoning module Documentation (370)
[2021.11.03-17.08.18:976][411]LogModuleManager: Shutting down and abandoning module MovieSceneTracks (368)
[2021.11.03-17.08.18:976][411]LogModuleManager: Shutting down and abandoning module MovieScene (366)
[2021.11.03-17.08.18:976][411]LogModuleManager: Shutting down and abandoning module Niagara (364)
[2021.11.03-17.08.18:976][411]LogModuleManager: Shutting down and abandoning module NiagaraEditor (363)
[2021.11.03-17.08.18:977][411]LogModuleManager: Shutting down and abandoning module StreamingPauseRendering (360)
[2021.11.03-17.08.18:977][411]LogModuleManager: Shutting down and abandoning module LauncherPlatform (358)
[2021.11.03-17.08.18:977][411]LogModuleManager: Shutting down and abandoning module AnalyticsET (356)
[2021.11.03-17.08.18:977][411]LogModuleManager: Shutting down and abandoning module PortalServices (354)
[2021.11.03-17.08.18:977][411]LogModuleManager: Shutting down and abandoning module PortalRpc (352)
[2021.11.03-17.08.18:977][411]LogModuleManager: Shutting down and abandoning module MessagingRpc (350)
[2021.11.03-17.08.18:977][411]LogModuleManager: Shutting down and abandoning module AIModule (348)
[2021.11.03-17.08.18:977][411]LogModuleManager: Shutting down and abandoning module GameplayDebugger (347)
[2021.11.03-17.08.18:977][411]LogModuleManager: Shutting down and abandoning module AITestSuite (345)
[2021.11.03-17.08.18:977][411]LogModuleManager: Shutting down and abandoning module ProfilerService (342)
[2021.11.03-17.08.18:984][411]LogModuleManager: Shutting down and abandoning module TaskGraph (340)
[2021.11.03-17.08.18:985][411]LogModuleManager: Shutting down and abandoning module SteamVRController (338)
[2021.11.03-17.08.18:985][411]LogModuleManager: Shutting down and abandoning module ProceduralMeshComponentEditor (336)
[2021.11.03-17.08.18:985][411]LogModuleManager: Shutting down and abandoning module ProceduralMeshComponent (334)
[2021.11.03-17.08.18:985][411]LogModuleManager: Shutting down and abandoning module OculusInput (332)
[2021.11.03-17.08.18:985][411]LogModuleManager: Shutting down and abandoning module Ansel (330)
[2021.11.03-17.08.18:985][411]LogModuleManager: Shutting down and abandoning module MobilePatchingUtils (328)
[2021.11.03-17.08.18:985][411]LogModuleManager: Shutting down and abandoning module CustomMeshComponent (326)
[2021.11.03-17.08.18:985][411]LogModuleManager: Shutting down and abandoning module CableComponent (324)
[2021.11.03-17.08.18:985][411]LogModuleManager: Shutting down and abandoning module ArchVisCharacter (322)
[2021.11.03-17.08.18:985][411]LogModuleManager: Shutting down and abandoning module AndroidPermission (320)
[2021.11.03-17.08.18:985][411]LogModuleManager: Shutting down and abandoning module MediaPlayerEditor (316)
[2021.11.03-17.08.18:985][411]LogModuleManager: Shutting down and abandoning module HTML5Networking (314)
[2021.11.03-17.08.18:985][411]LogModuleManager: Shutting down and abandoning module CodeView (312)
[2021.11.03-17.08.18:985][411]LogModuleManager: Shutting down and abandoning module AlembicImporter (310)
[2021.11.03-17.08.18:986][411]LogModuleManager: Shutting down and abandoning module AlembicLibrary (309)
[2021.11.03-17.08.18:986][411]LogModuleManager: Shutting down and abandoning module GeometryCache (308)
[2021.11.03-17.08.18:986][411]LogModuleManager: Shutting down and abandoning module GeometryCacheEd (307)
[2021.11.03-17.08.18:986][411]LogModuleManager: Shutting down and abandoning module SpeedTreeImporter (302)
[2021.11.03-17.08.18:986][411]LogModuleManager: Shutting down and abandoning module PluginBrowser (300)
[2021.11.03-17.08.18:986][411]LogModuleManager: Shutting down and abandoning module MobileLauncherProfileWizard (298)
[2021.11.03-17.08.18:987][411]LogModuleManager: Shutting down and abandoning module VisualStudioSourceCodeAccess (296)
[2021.11.03-17.08.18:987][411]LogModuleManager: Shutting down and abandoning module UObjectPlugin (294)
[2021.11.03-17.08.18:987][411]LogModuleManager: Shutting down and abandoning module SubversionSourceControl (292)
[2021.11.03-17.08.18:987][411]LogModuleManager: Shutting down and abandoning module PerforceSourceControl (290)
[2021.11.03-17.08.18:987][411]LogModuleManager: Shutting down and abandoning module GitSourceControl (288)
[2021.11.03-17.08.18:987][411]LogModuleManager: Shutting down and abandoning module SourceControl (287)
[2021.11.03-17.08.18:987][411]LogModuleManager: Shutting down and abandoning module LightPropagationVolumeEditor (284)
[2021.11.03-17.08.18:987][411]LogModuleManager: Shutting down and abandoning module PaperTiledImporter (282)
[2021.11.03-17.08.18:987][411]LogModuleManager: Shutting down and abandoning module PaperSpriteSheetImporter (280)
[2021.11.03-17.08.18:987][411]LogModuleManager: Shutting down and abandoning module Paper2DEditor (278)
[2021.11.03-17.08.18:987][411]LogModuleManager: Shutting down and abandoning module MeshPaint (277)
[2021.11.03-17.08.18:987][411]LogModuleManager: Shutting down and abandoning module LevelEditor (275)
[2021.11.03-17.08.18:988][411]LogModuleManager: Shutting down and abandoning module PixelInspectorModule (274)
[2021.11.03-17.08.18:988][411]LogModuleManager: Shutting down and abandoning module MainFrame (272)
[2021.11.03-17.08.18:988][411]LogModuleManager: Shutting down and abandoning module HotReload (271)
[2021.11.03-17.08.18:988][411]LogDirectoryWatcher: A directory notification for 'C:/Users/logza/Documents/Unreal Projects/LuxorGame2/Binaries/Win64' was aborted.
[2021.11.03-17.08.18:988][411]LogModuleManager: Shutting down and abandoning module LuxorGame (266)
[2021.11.03-17.08.18:988][411]LogModuleManager: Shutting down and abandoning module RuntimePhysXCooking (264)
[2021.11.03-17.08.18:988][411]LogModuleManager: Shutting down and abandoning module PhysXVehiclesEditor (262)
[2021.11.03-17.08.18:988][411]LogModuleManager: Shutting down and abandoning module PhysXVehicles (260)
[2021.11.03-17.08.18:988][411]LogModuleManager: Shutting down and abandoning module OculusEditor (258)
[2021.11.03-17.08.18:988][411]LogModuleManager: Shutting down and abandoning module LocationServicesBPLibrary (256)
[2021.11.03-17.08.18:988][411]LogModuleManager: Shutting down and abandoning module ImmediatePhysicsEditor (254)
[2021.11.03-17.08.18:988][411]LogModuleManager: Shutting down and abandoning module ImmediatePhysics (252)
[2021.11.03-17.08.18:988][411]LogModuleManager: Shutting down and abandoning module UdpMessaging (250)
[2021.11.03-17.08.19:090][411]LogModuleManager: Shutting down and abandoning module TcpMessaging (248)
[2021.11.03-17.08.19:190][411]LogModuleManager: Shutting down and abandoning module ControlRig (246)
[2021.11.03-17.08.19:190][411]LogModuleManager: Shutting down and abandoning module GameplayTagsEditor (244)
[2021.11.03-17.08.19:190][411]LogModuleManager: Shutting down and abandoning module FacialAnimationEditor (242)
[2021.11.03-17.08.19:190][411]LogModuleManager: Shutting down and abandoning module FacialAnimation (240)
[2021.11.03-17.08.19:190][411]LogModuleManager: Shutting down and abandoning module AssetManagerEditor (238)
[2021.11.03-17.08.19:190][411]LogModuleManager: Shutting down and abandoning module GraphEditor (237)
[2021.11.03-17.08.19:192][411]LogModuleManager: Shutting down and abandoning module ContentBrowser (235)
[2021.11.03-17.08.19:193][411]LogModuleManager: Shutting down and abandoning module LightPropagationVolumeRuntime (232)
[2021.11.03-17.08.19:193][411]LogModuleManager: Shutting down and abandoning module Paper2D (230)
[2021.11.03-17.08.19:193][411]LogModuleManager: Shutting down and abandoning module WindowsMoviePlayer (228)
[2021.11.03-17.08.19:193][411]LogModuleManager: Shutting down and abandoning module WmfMedia (226)
[2021.11.03-17.08.19:194][411]LogModuleManager: Shutting down and abandoning module PacketHandler (224)
[2021.11.03-17.08.19:194][411]LogModuleManager: Shutting down and abandoning module ClothingSystemEditor (222)
[2021.11.03-17.08.19:194][411]LogModuleManager: Shutting down and abandoning module ClothingSystemRuntime (220)
[2021.11.03-17.08.19:195][411]LogModuleManager: Shutting down and abandoning module Overlay (218)
[2021.11.03-17.08.19:195][411]LogModuleManager: Shutting down and abandoning module OverlayEditor (217)
[2021.11.03-17.08.19:195][411]LogModuleManager: Shutting down and abandoning module MediaAssets (214)
[2021.11.03-17.08.19:195][411]LogModuleManager: Shutting down and abandoning module VREditor (212)
[2021.11.03-17.08.19:195][411]LogModuleManager: Shutting down and abandoning module StringTableEditor (210)
[2021.11.03-17.08.19:195][411]LogModuleManager: Shutting down and abandoning module GameplayTasksEditor (208)
[2021.11.03-17.08.19:196][411]LogModuleManager: Shutting down and abandoning module BehaviorTreeEditor (206)
[2021.11.03-17.08.19:197][411]LogModuleManager: Shutting down and abandoning module FunctionalTesting (204)
[2021.11.03-17.08.19:197][411]LogModuleManager: Shutting down and abandoning module CollisionAnalyzer (202)
[2021.11.03-17.08.19:197][411]LogModuleManager: Shutting down and abandoning module WorkspaceMenuStructure (201)
[2021.11.03-17.08.19:197][411]LogModuleManager: Shutting down and abandoning module UMG (198)
[2021.11.03-17.08.19:197][411]LogModuleManager: Shutting down and abandoning module UMGEditor (197)
[2021.11.03-17.08.19:198][411]LogModuleManager: Shutting down and abandoning module Sequencer (196)
[2021.11.03-17.08.19:198][411]LogModuleManager: Shutting down and abandoning module MessageLog (193)
[2021.11.03-17.08.19:198][411]LogModuleManager: Shutting down and abandoning module SlateReflector (188)
[2021.11.03-17.08.19:199][411]LogModuleManager: Shutting down and abandoning module Slate (186)
[2021.11.03-17.08.19:199][411]LogModuleManager: Shutting down and abandoning module EditorStyle (184)
[2021.11.03-17.08.19:203][411]LogModuleManager: Shutting down and abandoning module MRMesh (182)
[2021.11.03-17.08.19:203][411]LogModuleManager: Shutting down and abandoning module SourceCodeAccess (180)
[2021.11.03-17.08.19:203][411]LogModuleManager: Shutting down and abandoning module HeadMountedDisplay (178)
[2021.11.03-17.08.19:203][411]LogModuleManager: Shutting down and abandoning module XAudio2 (176)
[2021.11.03-17.08.19:203][411]LogModuleManager: Shutting down and abandoning module Networking (174)
[2021.11.03-17.08.19:203][411]LogModuleManager: Shutting down and abandoning module Core (170)
[2021.11.03-17.08.19:203][411]LogModuleManager: Shutting down and abandoning module KismetCompiler (166)
[2021.11.03-17.08.19:203][411]LogModuleManager: Shutting down and abandoning module LevelSequence (164)
[2021.11.03-17.08.19:203][411]LogModuleManager: Shutting down and abandoning module MeshUtilities (162)
[2021.11.03-17.08.19:203][411]LogModuleManager: Shutting down and abandoning module MeshMergeUtilities (161)
[2021.11.03-17.08.19:203][411]LogModuleManager: Shutting down and abandoning module MeshReductionInterface (160)
[2021.11.03-17.08.19:203][411]LogModuleManager: Shutting down and abandoning module SimplygonSwarm (159)
[2021.11.03-17.08.19:204][411]LogModuleManager: Shutting down and abandoning module SimplygonMeshReduction (157)
[2021.11.03-17.08.19:204][411]LogModuleManager: Shutting down and abandoning module QuadricMeshReduction (155)
[2021.11.03-17.08.19:204][411]LogModuleManager: Shutting down and abandoning module MaterialBaking (151)
[2021.11.03-17.08.19:204][411]LogModuleManager: Shutting down and abandoning module DirectoryWatcher (148)
[2021.11.03-17.08.19:204][411]LogModuleManager: Shutting down and abandoning module DerivedDataCache (146)
[2021.11.03-17.08.19:297][411]LogDerivedDataCache: Shutdown
[2021.11.03-17.08.19:297][411]LogModuleManager: Shutting down and abandoning module TargetPlatform (144)
[2021.11.03-17.08.19:297][411]LogModuleManager: Shutting down and abandoning module VulkanShaderFormat (143)
[2021.11.03-17.08.19:297][411]LogModuleManager: Shutting down and abandoning module ShaderFormatVectorVM (141)
[2021.11.03-17.08.19:298][411]LogModuleManager: Shutting down and abandoning module ShaderFormatOpenGL (139)
[2021.11.03-17.08.19:298][411]LogModuleManager: Shutting down and abandoning module ShaderFormatD3D (137)
[2021.11.03-17.08.19:298][411]LogModuleManager: Shutting down and abandoning module MetalShaderFormat (135)
[2021.11.03-17.08.19:299][411]LogModuleManager: Shutting down and abandoning module TextureFormatUncompressed (133)
[2021.11.03-17.08.19:299][411]LogModuleManager: Shutting down and abandoning module TextureFormatPVR (131)
[2021.11.03-17.08.19:299][411]LogModuleManager: Shutting down and abandoning module TextureFormatDXT (129)
[2021.11.03-17.08.19:299][411]LogModuleManager: Shutting down and abandoning module TextureFormatIntelISPCTexComp (127)
[2021.11.03-17.08.19:299][411]LogModuleManager: Shutting down and abandoning module TextureFormatASTC (125)
[2021.11.03-17.08.19:299][411]LogModuleManager: Shutting down and abandoning module ImageWrapper (124)
[2021.11.03-17.08.19:299][411]LogModuleManager: Shutting down and abandoning module TextureFormatAndroid (121)
[2021.11.03-17.08.19:299][411]LogModuleManager: Shutting down and abandoning module AudioFormatOpus (119)
[2021.11.03-17.08.19:299][411]LogModuleManager: Shutting down and abandoning module AudioFormatOgg (117)
[2021.11.03-17.08.19:299][411]LogModuleManager: Shutting down and abandoning module AudioFormatADPCM (115)
[2021.11.03-17.08.19:299][411]LogModuleManager: Shutting down and abandoning module LinuxTargetPlatform (113)
[2021.11.03-17.08.19:299][411]LogModuleManager: Shutting down and abandoning module LinuxServerTargetPlatform (111)
[2021.11.03-17.08.19:299][411]LogModuleManager: Shutting down and abandoning module LinuxNoEditorTargetPlatform (109)
[2021.11.03-17.08.19:299][411]LogModuleManager: Shutting down and abandoning module LinuxClientTargetPlatform (107)
[2021.11.03-17.08.19:299][411]LogModuleManager: Shutting down and abandoning module TVOSTargetPlatform (105)
[2021.11.03-17.08.19:299][411]LogModuleManager: Shutting down and abandoning module Messaging (103)
[2021.11.03-17.08.19:299][411]LogModuleManager: Shutting down and abandoning module IOSTargetPlatform (101)
[2021.11.03-17.08.19:299][411]LogModuleManager: Shutting down and abandoning module HTML5TargetPlatform (99)
[2021.11.03-17.08.19:299][411]LogModuleManager: Shutting down and abandoning module Android_PVRTCTargetPlatform (97)
[2021.11.03-17.08.19:299][411]LogModuleManager: Shutting down and abandoning module Android_MultiTargetPlatform (95)
[2021.11.03-17.08.19:299][411]LogModuleManager: Shutting down and abandoning module Android_ETC2TargetPlatform (93)
[2021.11.03-17.08.19:299][411]LogModuleManager: Shutting down and abandoning module Android_ETC1TargetPlatform (91)
[2021.11.03-17.08.19:299][411]LogModuleManager: Shutting down and abandoning module Android_DXTTargetPlatform (89)
[2021.11.03-17.08.19:299][411]LogModuleManager: Shutting down and abandoning module Android_ATCTargetPlatform (87)
[2021.11.03-17.08.19:299][411]LogModuleManager: Shutting down and abandoning module Android_ASTCTargetPlatform (85)
[2021.11.03-17.08.19:299][411]LogModuleManager: Shutting down and abandoning module AndroidTargetPlatform (83)
[2021.11.03-17.08.19:299][411]LogModuleManager: Shutting down and abandoning module WindowsTargetPlatform (81)
[2021.11.03-17.08.19:299][411]LogModuleManager: Shutting down and abandoning module WindowsServerTargetPlatform (79)
[2021.11.03-17.08.19:299][411]LogModuleManager: Shutting down and abandoning module WindowsNoEditorTargetPlatform (77)
[2021.11.03-17.08.19:299][411]LogModuleManager: Shutting down and abandoning module WindowsClientTargetPlatform (75)
[2021.11.03-17.08.19:299][411]LogModuleManager: Shutting down and abandoning module MacTargetPlatform (73)
[2021.11.03-17.08.19:299][411]LogModuleManager: Shutting down and abandoning module MacServerTargetPlatform (71)
[2021.11.03-17.08.19:299][411]LogModuleManager: Shutting down and abandoning module MacNoEditorTargetPlatform (69)
[2021.11.03-17.08.19:299][411]LogModuleManager: Shutting down and abandoning module MacClientTargetPlatform (67)
[2021.11.03-17.08.19:300][411]LogModuleManager: Shutting down and abandoning module AllDesktopTargetPlatform (65)
[2021.11.03-17.08.19:300][411]LogModuleManager: Shutting down and abandoning module InputCore (62)
[2021.11.03-17.08.19:300][411]LogModuleManager: Shutting down and abandoning module Settings (60)
[2021.11.03-17.08.19:300][411]LogModuleManager: Shutting down and abandoning module PhysXCooking (58)
[2021.11.03-17.08.19:300][411]LogModuleManager: Shutting down and abandoning module SteamVR (56)
[2021.11.03-17.08.19:300][411]LogModuleManager: Shutting down and abandoning module OculusHMD (54)
[2021.11.03-17.08.19:300][411]LogModuleManager: Shutting down and abandoning module ExampleDeviceProfileSelector (52)
[2021.11.03-17.08.19:300][411]LogModuleManager: Shutting down and abandoning module OnlineBlueprintSupport (50)
[2021.11.03-17.08.19:300][411]LogModuleManager: Shutting down and abandoning module OnlineSubsystem (46)
[2021.11.03-17.08.19:300][411]LogOnline: Display: Unloading online subsystem: NULL
[2021.11.03-17.08.19:300][411]LogModuleManager: Shutting down and abandoning module XMPP (45)
[2021.11.03-17.08.19:301][411]LogModuleManager: Shutting down and abandoning module HTTP (43)
[2021.11.03-17.08.19:301][411]LogHttp: Display: Http module shutting down, but needs to wait on 1 outstanding Http requests:
[2021.11.03-17.08.19:301][411]LogHttp: Display: 	verb=[POST] url=[https://datarouter.ol.epicgames.com/datarouter/api/v1/public/data?SessionID=%7BA3F2FA99-44FF-8A0B-9F9B-B6929ECBEDE6%7D&AppID=UEEditor.Rocket.Release&AppVersion=4.17.2-3658906%2B%2B%2BUE4%2BRelease-4.17&UserID=114c106946651863df86f8ba75e4c4df%7C6a0db6b2a0604e14a5483f7d5fde08c8%7C0670d036-9faa-4b2a-8b0e-ece7754ac359&AppEnvironment=datacollector-binary&UploadType=eteventstream] status=Processing
[2021.11.03-17.08.19:301][411]LogHttp: Display: Sleeping 0.5s to wait for 1 outstanding Http requests.
[2021.11.03-17.08.19:802][411]LogHttp: Display: Sleeping 0.5s to wait for 1 outstanding Http requests.
[2021.11.03-17.08.20:302][411]LogHttp: Display: Sleeping 0.5s to wait for 1 outstanding Http requests.
[2021.11.03-17.08.20:803][411]LogHttp: Display: Sleeping 0.5s to wait for 1 outstanding Http requests.
[2021.11.03-17.08.21:304][411]LogHttp: Display: Sleeping 0.5s to wait for 1 outstanding Http requests.
[2021.11.03-17.08.21:804][411]LogHttp: Display: Sleeping 0.5s to wait for 1 outstanding Http requests.
[2021.11.03-17.08.22:305][411]LogHttp: Display: Sleeping 0.5s to wait for 1 outstanding Http requests.
[2021.11.03-17.08.22:805][411]LogHttp: Display: Sleeping 0.5s to wait for 1 outstanding Http requests.
[2021.11.03-17.08.23:306][411]LogHttp: Display: Sleeping 0.5s to wait for 1 outstanding Http requests.
[2021.11.03-17.08.23:807][411]LogHttp: Display: Sleeping 0.5s to wait for 1 outstanding Http requests.
[2021.11.03-17.08.24:308][411]LogHttp: Display: Sleeping 0.5s to wait for 1 outstanding Http requests.
[2021.11.03-17.08.24:809][411]LogHttp: Display: Sleeping 0.5s to wait for 1 outstanding Http requests.
[2021.11.03-17.08.25:309][411]LogHttp: Display: Sleeping 0.5s to wait for 1 outstanding Http requests.
[2021.11.03-17.08.25:810][411]LogHttp: Display: Sleeping 0.5s to wait for 1 outstanding Http requests.
[2021.11.03-17.08.26:311][411]LogHttp: Display: Sleeping 0.5s to wait for 1 outstanding Http requests.
[2021.11.03-17.08.26:811][411]LogHttp: Display: Sleeping 0.5s to wait for 1 outstanding Http requests.
[2021.11.03-17.08.27:312][411]LogHttp: Display: Sleeping 0.5s to wait for 1 outstanding Http requests.
[2021.11.03-17.08.27:813][411]LogHttp: Display: Sleeping 0.5s to wait for 1 outstanding Http requests.
[2021.11.03-17.08.28:313][411]LogHttp: Display: Sleeping 0.5s to wait for 1 outstanding Http requests.
[2021.11.03-17.08.28:814][411]LogHttp: Display: Sleeping 0.5s to wait for 1 outstanding Http requests.
[2021.11.03-17.08.29:315][411]LogHttp: Display: Sleeping 0.5s to wait for 1 outstanding Http requests.
[2021.11.03-17.08.29:815][411]LogHttp: Display: Sleeping 0.5s to wait for 1 outstanding Http requests.
[2021.11.03-17.08.30:316][411]LogHttp: Display: Sleeping 0.5s to wait for 1 outstanding Http requests.
[2021.11.03-17.08.30:817][411]LogHttp: Display: Sleeping 0.5s to wait for 1 outstanding Http requests.
[2021.11.03-17.08.31:317][411]LogHttp: Display: Sleeping 0.5s to wait for 1 outstanding Http requests.
[2021.11.03-17.08.31:818][411]LogHttp: Display: Sleeping 0.5s to wait for 1 outstanding Http requests.
[2021.11.03-17.08.32:319][411]LogHttp: Display: Sleeping 0.5s to wait for 1 outstanding Http requests.
[2021.11.03-17.08.32:820][411]LogHttp: Display: Sleeping 0.5s to wait for 1 outstanding Http requests.
[2021.11.03-17.08.33:320][411]LogHttp: Display: Sleeping 0.5s to wait for 1 outstanding Http requests.
[2021.11.03-17.08.33:821][411]LogHttp: Display: Sleeping 0.5s to wait for 1 outstanding Http requests.
[2021.11.03-17.08.34:322][411]LogHttp: Display: Sleeping 0.5s to wait for 1 outstanding Http requests.
[2021.11.03-17.08.34:822][411]LogHttp: Display: Sleeping 0.5s to wait for 1 outstanding Http requests.
[2021.11.03-17.08.35:323][411]LogHttp: Display: Sleeping 0.5s to wait for 1 outstanding Http requests.
[2021.11.03-17.08.35:824][411]LogHttp: Display: Sleeping 0.5s to wait for 1 outstanding Http requests.
[2021.11.03-17.08.36:325][411]LogHttp: Display: Sleeping 0.5s to wait for 1 outstanding Http requests.
[2021.11.03-17.08.36:825][411]LogHttp: Display: Sleeping 0.5s to wait for 1 outstanding Http requests.
[2021.11.03-17.08.37:326][411]LogHttp: Display: Sleeping 0.5s to wait for 1 outstanding Http requests.
[2021.11.03-17.08.37:827][411]LogHttp: Display: Sleeping 0.5s to wait for 1 outstanding Http requests.
[2021.11.03-17.08.38:328][411]LogHttp: Display: Sleeping 0.5s to wait for 1 outstanding Http requests.
[2021.11.03-17.08.38:829][411]LogHttp: Display: Sleeping 0.5s to wait for 1 outstanding Http requests.
[2021.11.03-17.08.39:329][411]LogHttp: Display: Sleeping 0.5s to wait for 1 outstanding Http requests.
[2021.11.03-17.08.39:830][411]LogHttp: Display: Sleeping 0.5s to wait for 1 outstanding Http requests.
[2021.11.03-17.08.40:331][411]LogHttp: Display: Sleeping 0.5s to wait for 1 outstanding Http requests.
[2021.11.03-17.08.40:832][411]LogHttp: Display: Sleeping 0.5s to wait for 1 outstanding Http requests.
[2021.11.03-17.08.41:332][411]LogHttp: Display: Sleeping 0.5s to wait for 1 outstanding Http requests.
[2021.11.03-17.08.41:833][411]LogHttp: Display: Sleeping 0.5s to wait for 1 outstanding Http requests.
[2021.11.03-17.08.42:334][411]LogHttp: Display: Sleeping 0.5s to wait for 1 outstanding Http requests.
[2021.11.03-17.08.42:834][411]LogHttp: Display: Sleeping 0.5s to wait for 1 outstanding Http requests.
[2021.11.03-17.08.43:335][411]LogHttp: Display: Sleeping 0.5s to wait for 1 outstanding Http requests.
[2021.11.03-17.08.43:837][411]LogHttp: Display: Sleeping 0.5s to wait for 1 outstanding Http requests.
[2021.11.03-17.08.44:337][411]LogHttp: Display: Sleeping 0.5s to wait for 1 outstanding Http requests.
[2021.11.03-17.08.44:838][411]LogHttp: Display: Sleeping 0.5s to wait for 1 outstanding Http requests.
[2021.11.03-17.08.45:339][411]LogHttp: Display: Sleeping 0.5s to wait for 1 outstanding Http requests.
[2021.11.03-17.08.45:839][411]LogHttp: Display: Sleeping 0.5s to wait for 1 outstanding Http requests.
[2021.11.03-17.08.46:340][411]LogHttp: Display: Sleeping 0.5s to wait for 1 outstanding Http requests.
[2021.11.03-17.08.46:840][411]LogHttp: Display: Sleeping 0.5s to wait for 1 outstanding Http requests.
[2021.11.03-17.08.47:341][411]LogHttp: Display: Sleeping 0.5s to wait for 1 outstanding Http requests.
[2021.11.03-17.08.47:842][411]LogHttp: Display: Sleeping 0.5s to wait for 1 outstanding Http requests.
[2021.11.03-17.08.48:342][411]LogHttp: Display: Sleeping 0.5s to wait for 1 outstanding Http requests.
[2021.11.03-17.08.48:843][411]LogHttp: Display: Sleeping 0.5s to wait for 1 outstanding Http requests.
[2021.11.03-17.08.49:344][411]LogHttp: Display: Sleeping 0.5s to wait for 1 outstanding Http requests.
[2021.11.03-17.08.49:844][411]LogHttp: Display: Sleeping 0.5s to wait for 1 outstanding Http requests.
[2021.11.03-17.08.50:345][411]LogHttp: Display: Sleeping 0.5s to wait for 1 outstanding Http requests.
[2021.11.03-17.08.50:846][411]LogHttp: Display: Sleeping 0.5s to wait for 1 outstanding Http requests.
[2021.11.03-17.08.51:347][411]LogHttp: Display: Sleeping 0.5s to wait for 1 outstanding Http requests.
[2021.11.03-17.08.51:848][411]LogHttp: Display: Sleeping 0.5s to wait for 1 outstanding Http requests.
[2021.11.03-17.08.52:348][411]LogHttp: Display: Sleeping 0.5s to wait for 1 outstanding Http requests.
[2021.11.03-17.08.52:849][411]LogHttp: Display: Sleeping 0.5s to wait for 1 outstanding Http requests.
[2021.11.03-17.08.53:349][411]LogHttp: Display: Sleeping 0.5s to wait for 1 outstanding Http requests.
[2021.11.03-17.08.53:850][411]LogHttp: Display: Sleeping 0.5s to wait for 1 outstanding Http requests.
[2021.11.03-17.08.54:351][411]LogHttp: Display: Sleeping 0.5s to wait for 1 outstanding Http requests.
[2021.11.03-17.08.54:852][411]LogHttp: Display: Sleeping 0.5s to wait for 1 outstanding Http requests.
[2021.11.03-17.08.55:352][411]LogHttp: Display: Sleeping 0.5s to wait for 1 outstanding Http requests.
[2021.11.03-17.08.55:853][411]LogHttp: Display: Sleeping 0.5s to wait for 1 outstanding Http requests.
[2021.11.03-17.08.56:354][411]LogHttp: Display: Sleeping 0.5s to wait for 1 outstanding Http requests.
[2021.11.03-17.08.56:854][411]LogHttp: Display: Sleeping 0.5s to wait for 1 outstanding Http requests.
[2021.11.03-17.08.57:355][411]LogHttp: Display: Sleeping 0.5s to wait for 1 outstanding Http requests.
[2021.11.03-17.08.57:856][411]LogHttp: Display: Sleeping 0.5s to wait for 1 outstanding Http requests.
[2021.11.03-17.08.58:356][411]LogHttp: Display: Sleeping 0.5s to wait for 1 outstanding Http requests.
[2021.11.03-17.08.58:869][411]LogModuleManager: Shutting down and abandoning module SSL (42)
[2021.11.03-17.08.58:870][411]LogModuleManager: Shutting down and abandoning module DesktopPlatform (38)
[2021.11.03-17.08.58:870][411]LogModuleManager: Shutting down and abandoning module AnimationModifiers (36)
[2021.11.03-17.08.58:870][411]LogModuleManager: Shutting down and abandoning module PropertyEditor (35)
[2021.11.03-17.08.58:870][411]LogModuleManager: Shutting down and abandoning module AudioEditor (32)
[2021.11.03-17.08.58:875][411]LogModuleManager: Shutting down and abandoning module TextureCompressor (30)
[2021.11.03-17.08.58:875][411]LogModuleManager: Shutting down and abandoning module ShaderCore (28)
[2021.11.03-17.08.58:875][411]LogModuleManager: Shutting down and abandoning module Landscape (26)
[2021.11.03-17.08.58:875][411]LogModuleManager: Shutting down and abandoning module SlateRHIRenderer (24)
[2021.11.03-17.08.58:876][411]LogModuleManager: Shutting down and abandoning module OpenGLDrv (22)
[2021.11.03-17.08.58:877][411]LogModuleManager: Shutting down and abandoning module D3D11RHI (20)
[2021.11.03-17.08.58:877][411]LogModuleManager: Shutting down and abandoning module AnimGraphRuntime (18)
[2021.11.03-17.08.58:877][411]LogModuleManager: Shutting down and abandoning module Renderer (16)
[2021.11.03-17.08.58:877][411]LogModuleManager: Shutting down and abandoning module Engine (14)
[2021.11.03-17.08.58:877][411]LogModuleManager: Shutting down and abandoning module CoreUObject (12)
[2021.11.03-17.08.58:877][411]LogModuleManager: Shutting down and abandoning module NetworkFile (10)
[2021.11.03-17.08.58:877][411]LogModuleManager: Shutting down and abandoning module CookedIterativeFile (8)
[2021.11.03-17.08.58:877][411]LogModuleManager: Shutting down and abandoning module StreamingFile (6)
[2021.11.03-17.08.58:877][411]LogModuleManager: Shutting down and abandoning module SandboxFile (4)
[2021.11.03-17.08.58:877][411]LogModuleManager: Shutting down and abandoning module PakFile (2)
[2021.11.03-17.08.58:880][411]LogExit: Exiting.
[2021.11.03-17.08.58:889][411]Log file closed, 11/03/21 12:08:58
