Log file open, 06/14/21 00:33:20
LogWindows: Failed to load 'aqProf.dll' (GetLastError=126)
LogWindows: File 'aqProf.dll' does not exist
LogWindows: Failed to load 'VtuneApi.dll' (GetLastError=126)
LogWindows: File 'VtuneApi.dll' does not exist
LogWindows: Failed to load 'VtuneApi32e.dll' (GetLastError=126)
LogWindows: File 'VtuneApi32e.dll' does not exist
LogInit: Display: Running engine for game: LuxorGame
LogPlatformFile: Not using cached read wrapper
LogInit: Display: RandInit(-1545334579) SRandInit(-1545334577).
LogTaskGraph: Started task graph with 5 named threads and 50 total threads with 3 sets of task threads.
LogStats: Stats thread started at 0.783861
LogD3D11RHI: Aftermath initialized
LogPluginManager: Mounting plugin Paper2D
LogPluginManager: Mounting plugin LightPropagationVolume
LogPluginManager: Mounting plugin CodeLiteSourceCodeAccess
LogPluginManager: Mounting plugin GitSourceControl
LogPluginManager: Mounting plugin KDevelopSourceCodeAccess
LogPluginManager: Mounting plugin NullSourceCodeAccess
LogPluginManager: Mounting plugin PerforceSourceControl
LogPluginManager: Mounting plugin SubversionSourceControl
LogPluginManager: Mounting plugin UObjectPlugin
LogPluginManager: Mounting plugin VisualStudioSourceCodeAccess
LogPluginManager: Mounting plugin XCodeSourceCodeAccess
LogPluginManager: Mounting plugin AssetManagerEditor
LogPluginManager: Mounting plugin AudioCapture
LogPluginManager: Mounting plugin FacialAnimation
LogPluginManager: Mounting plugin GameplayTagsEditor
LogPluginManager: Mounting plugin MobileLauncherProfileWizard
LogPluginManager: Mounting plugin PluginBrowser
LogPluginManager: Mounting plugin SpeedTreeImporter
LogPluginManager: Mounting plugin AlembicImporter
LogPluginManager: Mounting plugin CharacterAI
LogPluginManager: Mounting plugin CodeView
LogPluginManager: Mounting plugin ControlRig
LogPluginManager: Mounting plugin HTML5Networking
LogPluginManager: Mounting plugin AndroidMedia
LogPluginManager: Mounting plugin AvfMedia
LogPluginManager: Mounting plugin MediaPlayerEditor
LogPluginManager: Mounting plugin WmfMedia
LogPluginManager: Mounting plugin TcpMessaging
LogPluginManager: Mounting plugin UdpMessaging
LogPluginManager: Mounting plugin LevelSequenceEditor
LogPluginManager: Mounting plugin MatineeToLevelSequence
LogPluginManager: Mounting plugin OnlineSubsystemGooglePlay
LogPluginManager: Mounting plugin OnlineSubsystemIOS
LogPluginManager: Mounting plugin OnlineSubsystem
LogPluginManager: Mounting plugin OnlineSubsystemNull
LogPluginManager: Mounting plugin OnlineSubsystemUtils
LogPluginManager: Mounting plugin AndroidDeviceProfileSelector
LogPluginManager: Mounting plugin AndroidMoviePlayer
LogPluginManager: Mounting plugin AndroidPermission
LogPluginManager: Mounting plugin AppleMoviePlayer
LogPluginManager: Mounting plugin ArchVisCharacter
LogPluginManager: Mounting plugin CableComponent
LogPluginManager: Mounting plugin CustomMeshComponent
LogPluginManager: Mounting plugin ExampleDeviceProfileSelector
LogPluginManager: Mounting plugin GoogleCloudMessaging
LogPluginManager: Mounting plugin ImmediatePhysics
LogPluginManager: Mounting plugin IOSDeviceProfileSelector
LogPluginManager: Mounting plugin LinuxDeviceProfileSelector
LogPluginManager: Mounting plugin LocationServicesBPLibrary
LogPluginManager: Mounting plugin MobilePatchingUtils
LogPluginManager: Mounting plugin OculusVR
LogPluginManager: Mounting plugin PhysXVehicles
LogPluginManager: Mounting plugin ProceduralMeshComponent
LogPluginManager: Mounting plugin RuntimePhysXCooking
LogPluginManager: Mounting plugin SteamVR
LogPluginManager: Mounting plugin WindowsMoviePlayer
LogInit: Using libcurl 7.47.1
LogInit:  - built for x86_64-pc-win32
LogInit:  - supports SSL with OpenSSL/1.0.2g
LogInit:  - supports HTTP deflate (compression) using libz 1.2.8
LogInit:  - other features:
LogInit:      CURL_VERSION_SSL
LogInit:      CURL_VERSION_LIBZ
LogInit:      CURL_VERSION_IPV6
LogInit:      CURL_VERSION_ASYNCHDNS
LogInit:      CURL_VERSION_LARGEFILE
LogInit:      CURL_VERSION_IDN
LogInit:  CurlRequestOptions (configurable via config and command line):
LogInit:  - bVerifyPeer = false  - Libcurl will NOT verify peer certificate
LogInit:  - bUseHttpProxy = false  - Libcurl will NOT use HTTP proxy
LogInit:  - bDontReuseConnections = false  - Libcurl will reuse connections
LogInit:  - CertBundlePath = nullptr  - Libcurl will use whatever was configured at build time.
LogInit: Build: ++UE4+Release-4.17-CL-3658906
LogInit: Engine Version: 4.17.2-3658906+++UE4+Release-4.17
LogInit: Compatible Engine Version: 4.17.0-3573198+++UE4+Release-4.17
LogInit: Net CL: 3573198
LogDevObjectVersion: Number of dev versions registered: 16
LogDevObjectVersion:   Dev-Blueprints (B0D832E4-1F89-4F0D-ACCF-7EB736FD4AA2): 10
LogDevObjectVersion:   Dev-Build (E1C64328-A22C-4D53-A36C-8E866417BD8C): 0
LogDevObjectVersion:   Dev-Core (375EC13C-06E4-48FB-B500-84F0262A717E): 2
LogDevObjectVersion:   Dev-Editor (E4B068ED-F494-42E9-A231-DA0B2E46BB41): 20
LogDevObjectVersion:   Dev-Framework (CFFC743F-43B0-4480-9391-14DF171D2073): 28
LogDevObjectVersion:   Dev-Mobile (B02B49B5-BB20-44E9-A304-32B752E40360): 0
LogDevObjectVersion:   Dev-Networking (A4E4105C-59A1-49B5-A7C5-40C4547EDFEE): 0
LogDevObjectVersion:   Dev-Online (39C831C9-5AE6-47DC-9A44-9C173E1C8E7C): 0
LogDevObjectVersion:   Dev-Physics (78F01B33-EBEA-4F98-B9B4-84EACCB95AA2): 0
LogDevObjectVersion:   Dev-Platform (6631380F-2D4D-43E0-8009-CF276956A95A): 0
LogDevObjectVersion:   Dev-Rendering (12F88B9F-8875-4AFC-A67C-D90C383ABD29): 19
LogDevObjectVersion:   Dev-Sequencer (7B5AE74C-D270-4C10-A958-57980B212A5A): 4
LogDevObjectVersion:   Dev-VR (D7296918-1DD6-4BDD-9DE2-64A83CC13884): 0
LogDevObjectVersion:   Dev-LoadTimes (C2A15278-BFE7-4AFE-6C17-90FF531DF755): 1
LogDevObjectVersion:   Private-Geometry (6EACA3D4-40EC-4CC1-B786-8BED09428FC5): 1
LogDevObjectVersion:   Dev-AnimPhys (29E575DD-E0A3-4627-9D10-D276232CDCEA): 7
LogInit: Compiled (64-bit): Sep 22 2017 13:47:16
LogInit: Compiled with Visual C++: 19.00.24215.01
LogInit: Build Configuration: Development
LogInit: Branch Name: ++UE4+Release-4.17
LogInit: Command line:  
LogInit: Base directory: C:/Program Files/Epic Games/UE_4.17/Engine/Binaries/Win64/
LogInit: Installed Engine Build: 1
LogInit: Presizing for max 8388607 objects, including 0 objects not considered by GC, pre-allocating 0 bytes for permanent pool.
LogInit: Object subsystem initialized
[2021.06.13-23.33.22:163][  0]LogInit: Selected Device Profile: [Windows]
[2021.06.13-23.33.22:163][  0]LogInit: Applying CVar settings loaded from the selected device profile: [Windows]
[2021.06.13-23.33.22:171][  0]LogInit: Computer: DESKTOP-S1G6JJO
[2021.06.13-23.33.22:171][  0]LogInit: User: Koenji
[2021.06.13-23.33.22:171][  0]LogInit: CPU Page size=4096, Cores=16
[2021.06.13-23.33.22:171][  0]LogInit: High frequency timer resolution =10.000000 MHz
[2021.06.13-23.33.22:171][  0]LogMemory: Memory total: Physical=63.9GB (64GB approx)
[2021.06.13-23.33.22:171][  0]LogMemory: Platform Memory Stats for Windows
[2021.06.13-23.33.22:171][  0]LogMemory: Process Physical Memory: 288.25 MB used, 288.25 MB peak
[2021.06.13-23.33.22:171][  0]LogMemory: Process Virtual Memory: 283.38 MB used, 283.38 MB peak
[2021.06.13-23.33.22:171][  0]LogMemory: Physical Memory: 25015.98 MB used,  40434.09 MB free, 65450.07 MB total
[2021.06.13-23.33.22:171][  0]LogMemory: Virtual Memory: 4826.07 MB used,  40434.09 MB free, 134217728.00 MB total
[2021.06.13-23.33.22:437][  0]LogInit: Using OS detected language (en-GB).
[2021.06.13-23.33.22:437][  0]LogInit: Using OS detected locale (en-GB).
[2021.06.13-23.33.22:440][  0]LogTextLocalizationManager: No specific localization for 'en-GB' exists, so the 'en' localization will be used.
[2021.06.13-23.33.23:038][  0]LogD3D11RHI: D3D11 adapters:
[2021.06.13-23.33.23:144][  0]LogD3D11RHI:    0. 'NVIDIA GeForce RTX 3090' (Feature Level 11_0)
[2021.06.13-23.33.23:144][  0]LogD3D11RHI:       24348/0/32725 MB DedicatedVideo/DedicatedSystem/SharedSystem, Outputs:1, VendorId:0x10de
[2021.06.13-23.33.23:147][  0]LogD3D11RHI:    1. 'Microsoft Basic Render Driver' (Feature Level 11_0)
[2021.06.13-23.33.23:147][  0]LogD3D11RHI:       0/0/32725 MB DedicatedVideo/DedicatedSystem/SharedSystem, Outputs:0, VendorId:0x1414
[2021.06.13-23.33.23:147][  0]LogD3D11RHI: Chosen D3D11 Adapter: 0
[2021.06.13-23.33.23:163][  0]LogD3D11RHI: Creating new Direct3DDevice
[2021.06.13-23.33.23:163][  0]LogD3D11RHI:     GPU DeviceId: 0x2204 (for the marketing name, search the web for "GPU Device Id")
[2021.06.13-23.33.23:163][  0]LogWindows: EnumDisplayDevices:
[2021.06.13-23.33.23:163][  0]LogWindows:    0. 'NVIDIA GeForce RTX 3090' (P:1 D:1)
[2021.06.13-23.33.23:163][  0]LogWindows:    1. 'NVIDIA GeForce RTX 3090' (P:0 D:0)
[2021.06.13-23.33.23:163][  0]LogWindows:    2. 'NVIDIA GeForce RTX 3090' (P:0 D:0)
[2021.06.13-23.33.23:163][  0]LogWindows:    3. 'NVIDIA GeForce RTX 3090' (P:0 D:0)
[2021.06.13-23.33.23:164][  0]LogWindows: DebugString: GetVideoDriverDetailsInvalid PrimaryIsNotTheChoosenAdapter GetVideoDriverDetailsInvalid PrimaryIsNotTheChoosenAdapter GetVideoDriverDetailsInvalid PrimaryIsNotTheChoosenAdapter GetVideoDriverDetailsInvalid PrimaryIsNotTheChoosenAdapter FoundDriverCount:0 
[2021.06.13-23.33.23:164][  0]LogD3D11RHI:     Adapter Name: NVIDIA GeForce RTX 3090
[2021.06.13-23.33.23:164][  0]LogD3D11RHI:   Driver Version: Unknown (internal:Unknown, unified:Unknown)
[2021.06.13-23.33.23:164][  0]LogD3D11RHI:      Driver Date: Unknown
[2021.06.13-23.33.23:164][  0]LogRHI: Texture pool is 1361 MB (70% of 1945 MB)
[2021.06.13-23.33.23:258][  0]LogD3D11RHI: Async texture creation enabled
[2021.06.13-23.33.23:296][  0]LogD3D11RHI: GPU Timing Frequency: 1000.000000 (Debug: 2 2)
[2021.06.13-23.33.23:298][  0]LogShaderCompilers: Guid format shader working directory is -15 characters bigger than the processId version (../../../../../../Users/Koenji/Documents/UnrealMods/LuxorGame/Intermediate/Shaders/WorkingDirectory/15232/).
[2021.06.13-23.33.23:298][  0]LogShaderCompilers: Cleaned the shader compiler working directory 'C:/Users/Koenji/AppData/Local/Temp/UnrealShaderWorkingDir/22DA00B944AD2EE6E08B6AB9E7D89389/'.
[2021.06.13-23.33.23:298][  0]LogShaderCompilers: Display: Using Local Shader Compiler.
[2021.06.13-23.33.24:081][  0]LogTemp: Display: Loaded TP AllDesktopTargetPlatform
[2021.06.13-23.33.24:154][  0]LogTemp: Display: Loaded TP MacClientTargetPlatform
[2021.06.13-23.33.24:214][  0]LogTemp: Display: Loaded TP MacNoEditorTargetPlatform
[2021.06.13-23.33.24:278][  0]LogTemp: Display: Loaded TP MacServerTargetPlatform
[2021.06.13-23.33.24:340][  0]LogTemp: Display: Loaded TP MacTargetPlatform
[2021.06.13-23.33.24:400][  0]LogTemp: Display: Loaded TP WindowsClientTargetPlatform
[2021.06.13-23.33.24:465][  0]LogTemp: Display: Loaded TP WindowsNoEditorTargetPlatform
[2021.06.13-23.33.24:528][  0]LogTemp: Display: Loaded TP WindowsServerTargetPlatform
[2021.06.13-23.33.24:588][  0]LogTemp: Display: Loaded TP WindowsTargetPlatform
[2021.06.13-23.33.24:655][  0]LogTemp: Display: Loaded TP AndroidTargetPlatform
[2021.06.13-23.33.24:718][  0]LogTemp: Display: Loaded TP Android_ASTCTargetPlatform
[2021.06.13-23.33.24:781][  0]LogTemp: Display: Loaded TP Android_ATCTargetPlatform
[2021.06.13-23.33.24:843][  0]LogTemp: Display: Loaded TP Android_DXTTargetPlatform
[2021.06.13-23.33.24:905][  0]LogTemp: Display: Loaded TP Android_ETC1TargetPlatform
[2021.06.13-23.33.24:967][  0]LogTemp: Display: Loaded TP Android_ETC2TargetPlatform
[2021.06.13-23.33.25:085][  0]LogTemp: Display: Loaded TP Android_MultiTargetPlatform
[2021.06.13-23.33.25:085][  0]LogTemp: Display: Loaded TP Android_PVRTCTargetPlatform
[2021.06.13-23.33.25:138][  0]LogTemp: Display: Loaded TP HTML5TargetPlatform
[2021.06.13-23.33.25:258][  0]LogTemp: Display: Loaded TP IOSTargetPlatform
[2021.06.13-23.33.25:299][  0]LogTemp: Display: Loaded TP TVOSTargetPlatform
[2021.06.13-23.33.25:363][  0]LogTemp: Display: Loaded TP LinuxClientTargetPlatform
[2021.06.13-23.33.25:424][  0]LogTemp: Display: Loaded TP LinuxNoEditorTargetPlatform
[2021.06.13-23.33.25:484][  0]LogTemp: Display: Loaded TP LinuxServerTargetPlatform
[2021.06.13-23.33.25:546][  0]LogTemp: Display: Loaded TP LinuxTargetPlatform
[2021.06.13-23.33.25:546][  0]LogTargetPlatformManager: Display: Building Assets For Windows
[2021.06.13-23.33.26:217][  0]LogDerivedDataCache: Display: Max Cache Size: 512 MB
[2021.06.13-23.33.26:286][  0]LogDerivedDataCache: Loaded boot cache 0.07s 93MB C:/Users/Koenji/AppData/Local/UnrealEngine/4.17/DerivedDataCache/Boot.ddc.
[2021.06.13-23.33.26:286][  0]LogDerivedDataCache: Display: Loaded Boot cache: C:/Users/Koenji/AppData/Local/UnrealEngine/4.17/DerivedDataCache/Boot.ddc
[2021.06.13-23.33.26:286][  0]LogDerivedDataCache: FDerivedDataBackendGraph:  Pak pak cache file ../../../../../../Users/Koenji/Documents/UnrealMods/LuxorGame/DerivedDataCache/DDC.ddp not found, will not use a pak cache.
[2021.06.13-23.33.26:286][  0]LogDerivedDataCache: Unable to find inner node Pak for hierarchical cache Hierarchy.
[2021.06.13-23.33.26:286][  0]LogDerivedDataCache: FDerivedDataBackendGraph:  CompressedPak pak cache file ../../../../../../Users/Koenji/Documents/UnrealMods/LuxorGame/DerivedDataCache/Compressed.ddp not found, will not use a pak cache.
[2021.06.13-23.33.26:286][  0]LogDerivedDataCache: Unable to find inner node CompressedPak for hierarchical cache Hierarchy.
[2021.06.13-23.33.26:297][  0]LogDerivedDataCache: Display: Pak cache opened for reading ../../../Engine/DerivedDataCache/Compressed.ddp.
[2021.06.13-23.33.26:309][  0]LogDerivedDataCache: Using Local data cache path C:/Users/Koenji/AppData/Local/UnrealEngine/Common/DerivedDataCache: Writable
[2021.06.13-23.33.26:317][  0]LogMaterial: Verifying Global Shaders for PCD3D_SM5
[2021.06.13-23.33.26:317][  0]LogSlate: Using Freetype 2.6.0
[2021.06.13-23.33.26:319][  0]LogSlate: SlateFontCache - WITH_FREETYPE: 1, WITH_HARFBUZZ: 1
[2021.06.13-23.33.26:319][  0]LogSlate: SlateFontCache - WITH_FREETYPE: 1, WITH_HARFBUZZ: 1
[2021.06.13-23.33.26:547][  0]LogAssetRegistry: FAssetRegistry took 0.0250 seconds to start up
[2021.06.13-23.33.26:662][  0]LogInit: Selected Device Profile: [Windows]
[2021.06.13-23.33.26:778][  0]LogContentStreaming: Texture pool size is 0.00 MB
[2021.06.13-23.33.27:141][  0]LogSimplygon: Simplygon DLL not present - disabling.
[2021.06.13-23.33.27:197][  0]LogMeshReduction: Using SimplygonSwarm for distributed automatic mesh merging
[2021.06.13-23.33.27:197][  0]LogMeshReduction: Using QuadricMeshReduction for automatic static mesh reduction
[2021.06.13-23.33.27:197][  0]LogMeshReduction: No automatic skeletal mesh reduction module available
[2021.06.13-23.33.27:197][  0]LogMeshReduction: No automatic mesh merging module available
[2021.06.13-23.33.27:197][  0]LogMeshMerging: No automatic mesh merging module available
[2021.06.13-23.33.27:507][  0]LogNetVersion: LuxorGame , NetCL: 3573198, EngineNetVer: 2, GameNetVer: 0 (Checksum: 793289054)
[2021.06.13-23.33.27:734][  0]LogPackageLocalizationCache: Processed 6 localized package path(s) for 2 prioritized culture(s) in 0.044166 seconds
[2021.06.13-23.33.27:742][  0]LogUObjectArray: 35825 objects as part of root set at end of initial load.
[2021.06.13-23.33.27:742][  0]LogUObjectAllocator: 7529104 out of 0 bytes used by permanent object pool.
[2021.06.13-23.33.27:742][  0]LogUObjectArray: CloseDisregardForGC: 0/0 objects in disregard for GC pool
[2021.06.13-23.33.27:839][  0]LogInit: WinSock: version 1.1 (2.2), MaxSocks=32767, MaxUdp=65467
[2021.06.13-23.33.30:803][  0]LogTcpMessaging: Initializing TcpMessaging bridge
[2021.06.13-23.33.30:857][  0]LogUdpMessaging: Initializing bridge on interface 0.0.0.0:0 to multicast group 230.0.0.1:6666.
[2021.06.13-23.33.31:720][  0]LogMaterial: Uniform references updated for custom material expression Custom.
[2021.06.13-23.33.32:181][  0]SourceControl: Source control is disabled
[2021.06.13-23.33.32:181][  0]SourceControl: Source control is disabled
[2021.06.13-23.33.32:246][  0]SourceControl: Source control is disabled
[2021.06.13-23.33.32:309][  0]SourceControl: Source control is disabled
[2021.06.13-23.33.33:145][  0]LogAndroidPermission: UAndroidPermissionCallbackProxy::GetInstance
[2021.06.13-23.33.33:470][  0]LogOcInput: OculusInput pre-init called
[2021.06.13-23.33.33:805][  0]LogEngine: Initializing Engine...
[2021.06.13-23.33.33:808][  0]LogHMD: Failed to initialize OpenVR with code 110
[2021.06.13-23.33.33:961][  0]LogStats: UGameplayTagsManager::ConstructGameplayTagTree: Construct from data asset -  0.000 s
[2021.06.13-23.33.33:961][  0]LogStats: UGameplayTagsManager::ConstructGameplayTagTree: GameplayTagTreeChangedEvent.Broadcast -  0.000 s
[2021.06.13-23.33.34:133][  0]LogAIModule: Creating AISystem for world Untitled
[2021.06.13-23.33.34:162][  0]LogInit: XAudio2 using 'Speakers (High Definition Audio Device)' : 2 channels at 48 kHz using 32 bits per sample (channel mask 0x3)
[2021.06.13-23.33.34:177][  0]LogInit: FAudioDevice initialized.
[2021.06.13-23.33.34:219][  0]LogDerivedDataCache: Saved boot cache 0.04s 93MB C:/Users/Koenji/AppData/Local/UnrealEngine/4.17/DerivedDataCache/Boot.ddc.
[2021.06.13-23.33.34:228][  0]LogInit: Texture streaming: Enabled
[2021.06.13-23.33.34:406][  0]LogEngineSessionManager: EngineSessionManager initialized
[2021.06.13-23.33.34:406][  0]LogEngineSessionManager: EngineSessionManager sent abnormal shutdown report. Type=AbnormalShutdown, SessionId={4EB224D4-4A4A-7791-D6C9-50AB4400BCF1}
[2021.06.13-23.33.34:698][  0]LogInit: Transaction tracking system initialized
[2021.06.13-23.33.35:101][  0]BlueprintLog: New page: Editor Load
[2021.06.13-23.33.36:279][  0]LocalizationService: Localization service is disabled
[2021.06.13-23.33.37:145][  0]LogConsoleResponse: Display: 
[2021.06.13-23.33.37:293][  0]LogCook: Display: Max memory allowance for cook 16384mb min free memory 0mb
[2021.06.13-23.33.37:293][  0]LogCook: Display: Mobile HDR setting 1
[2021.06.13-23.33.37:293][  0]LogGameplayTags: Display: UGameplayTagsManager::DoneAddingNativeTags. DelegateIsBound: 0
[2021.06.13-23.33.38:029][  0]LogFileCache: Scanning file cache for directory 'C:/Users/Koenji/Documents/UnrealMods/LuxorGame/Content/' took 0.01s
[2021.06.13-23.33.38:732][  0]SourceControl: Source control is disabled
[2021.06.13-23.33.38:733][  0]Cmd: MAP LOAD FILE="../../../../../../Users/Koenji/Documents/UnrealMods/LuxorGame/Content/RenderRoom.umap" TEMPLATE=0 SHOWPROGRESS=1 FEATURELEVEL=3
[2021.06.13-23.33.38:739][  0]LightingResults: New page: Lighting Build
[2021.06.13-23.33.38:790][  0]MapCheck: New page: Map Check
[2021.06.13-23.33.38:790][  0]LightingResults: New page: Lighting Build
[2021.06.13-23.33.39:020][  0]LogAIModule: Creating AISystem for world RenderRoom
[2021.06.13-23.33.39:026][  0]LogScript: Warning: Accessed None trying to read property CreationPart
	LuxCreationImportedPart_BP_C /Game/RenderRoom.RenderRoom:PersistentLevel.LuxCreationImportedPart_BP_29654
	Function /Game/Chara/LuxCreationImportedPart_BP.LuxCreationImportedPart_BP_C:UserConstructionScript:0074
[2021.06.13-23.33.39:026][  0]LogScript: Warning: Accessed None
	LuxCreationImportedPart_BP_C /Game/RenderRoom.RenderRoom:PersistentLevel.LuxCreationImportedPart_BP_29654
	Function /Game/Chara/LuxCreationImportedPart_BP.LuxCreationImportedPart_BP_C:UserConstructionScript:0055
[2021.06.13-23.33.39:026][  0]LogScript: Warning: Accessed None trying to read property CreationPart
	LuxCreationImportedPart_BP_C /Game/RenderRoom.RenderRoom:PersistentLevel.LuxCreationImportedPart_BP_29654
	Function /Game/Chara/LuxCreationImportedPart_BP.LuxCreationImportedPart_BP_C:UserConstructionScript:01A5
[2021.06.13-23.33.39:026][  0]LogScript: Warning: Accessed None
	LuxCreationImportedPart_BP_C /Game/RenderRoom.RenderRoom:PersistentLevel.LuxCreationImportedPart_BP_29654
	Function /Game/Chara/LuxCreationImportedPart_BP.LuxCreationImportedPart_BP_C:UserConstructionScript:0186
[2021.06.13-23.33.39:027][  0]LogEditorServer: Finished looking for orphan Actors (0.000 secs)
[2021.06.13-23.33.39:061][  0]Cmd: MAP CHECKDEP NOCLEARLOG
[2021.06.13-23.33.39:100][  0]MapCheck: Map check complete: 0 Error(s), 0 Warning(s), took 39.762ms to complete.
[2021.06.13-23.33.39:100][  0]LogFileHelpers: Loading map 'RenderRoom' took 0.368
[2021.06.13-23.33.39:282][  0]LogCollectionManager: Loaded 0 collections in 0.001313 seconds
[2021.06.13-23.33.39:383][  0]LogFileCache: Scanning file cache for directory 'C:/Users/Koenji/Documents/UnrealMods/LuxorGame/Saved/Collections/' took 0.01s
[2021.06.13-23.33.39:384][  0]LogFileCache: Scanning file cache for directory 'C:/Users/Koenji/Documents/UnrealMods/LuxorGame/Content/Developers/Koenji/Collections/' took 0.01s
[2021.06.13-23.33.39:384][  0]LogFileCache: Scanning file cache for directory 'C:/Users/Koenji/Documents/UnrealMods/LuxorGame/Content/Collections/' took 0.01s
[2021.06.13-23.33.39:384][  0]LogCollectionManager: Rebuilt the GUID cache for 0 collections in 0.000001 seconds
[2021.06.13-23.33.39:394][  0]LogContentBrowser: Native class hierarchy populated in 0.0095 seconds. Added 2432 classes and 515 folders.
[2021.06.13-23.33.39:487][  0]LogContentBrowser: Native class hierarchy updated for 'WidgetCarousel' in 0.0026 seconds. Added 0 classes and 0 folders.
[2021.06.13-23.33.39:773][  0]LogContentBrowser: Native class hierarchy updated for 'AddContentDialog' in 0.0029 seconds. Added 0 classes and 0 folders.
[2021.06.13-23.33.39:842][  0]LogContentBrowser: Native class hierarchy updated for 'SceneOutliner' in 0.0025 seconds. Added 1 classes and 2 folders.
[2021.06.13-23.33.39:881][  0]LogSlate: Took 0.000168 seconds to synchronously load lazily loaded font '../../../Engine/Content/Slate/Fonts/Roboto-Regular.ttf' (155K)
[2021.06.13-23.33.39:882][  0]LogSlate: Took 0.000137 seconds to synchronously load lazily loaded font '../../../Engine/Content/Slate/Fonts/Roboto-Bold.ttf' (160K)
[2021.06.13-23.33.39:895][  0]LogSlate: Took 0.008554 seconds to synchronously load lazily loaded font '../../../Engine/Content/Editor/Slate/Fonts/FontAwesome.ttf' (139K)
[2021.06.13-23.33.40:004][  0]LogRenderer: Reallocating scene render targets to support 1288x624 Format 10 NumSamples 1 (Frame:1).
[2021.06.13-23.33.40:068][  0]LogSlate: Took 0.007227 seconds to synchronously load lazily loaded font '../../../Engine/Content/Slate/Fonts/Roboto-Light.ttf' (159K)
[2021.06.13-23.33.40:235][  0]LogContentBrowser: Native class hierarchy updated for 'HierarchicalLODOutliner' in 0.0025 seconds. Added 1 classes and 2 folders.
[2021.06.13-23.33.40:235][  0]LogLoad: (Engine Initialization) Total time: 21.34 seconds
[2021.06.13-23.33.40:235][  0]LogLoad: (Engine Initialization) Total Blueprint compile time: 0.00 seconds
[2021.06.13-23.33.40:235][  0]LogExternalProfiler: Found external profiler: VSPerf
[2021.06.13-23.33.40:235][  0]LogExternalProfiler: Using external profiler: VSPerf
[2021.06.13-23.33.40:591][  0]LogAssetRegistry: Asset discovery search completed in 14.0657 seconds
[2021.06.13-23.33.40:593][  0]LogCollectionManager: Rebuilt the object cache for 0 collections in 0.000000 seconds (found 0 objects)
[2021.06.13-23.33.40:593][  0]LogCollectionManager: Fixed up redirectors for 0 collections in 0.000027 seconds (updated 0 objects)
[2021.06.13-23.33.40:593][  0]LogContentStreaming: Texture pool size now 1000 MB
[2021.06.13-23.37.28:263][145]LogSlate: Took 0.000154 seconds to synchronously load lazily loaded font '../../../Engine/Content/Slate/Fonts/Roboto-Light.ttf' (159K)
[2021.06.13-23.37.28:330][145]LogContentBrowser: Native class hierarchy updated for 'MaterialEditor' in 0.0024 seconds. Added 1 classes and 0 folders.
[2021.06.13-23.37.28:332][145]LogMaterial: Missing cached shader map for material NewMaterial, compiling. 
[2021.06.13-23.37.28:411][145]LogMaterial: Missing cached shader map for material NewMaterial, compiling. 
[2021.06.13-23.37.28:465][145]LogSlate: Took 0.010040 seconds to synchronously load lazily loaded font '../../../Engine/Content/Editor/Slate/Fonts/Roboto-BoldCondensed.ttf' (158K)
[2021.06.13-23.37.29:649][210]MaterialEditorStats: Base pass shader: 78 instructions
[2021.06.13-23.37.29:649][210]MaterialEditorStats: Vertex shader: 29 instructions
[2021.06.13-23.37.29:649][210]MaterialEditorStats: Texture samplers: 1/16
[2021.06.13-23.37.45:486][608]LogMaterial: Missing cached shader map for material NewMaterial, compiling. 
[2021.06.13-23.37.45:494][608]LogMaterial: Missing cached shader map for material FMatExpressionPreview MaterialExpressionConstant3Vector_0, compiling. 
[2021.06.13-23.37.45:845][619]MaterialEditorStats: Base pass shader: 78 instructions
[2021.06.13-23.37.45:845][619]MaterialEditorStats: Vertex shader: 29 instructions
[2021.06.13-23.37.45:845][619]MaterialEditorStats: Texture samplers: 1/16
[2021.06.13-23.37.46:926][714]LogMaterial: Missing cached shader map for material NewMaterial, compiling. 
[2021.06.13-23.37.46:937][714]LogMaterial: Missing cached shader map for material FMatExpressionPreview MaterialExpressionConstant3Vector_0, compiling. 
[2021.06.13-23.37.47:314][726]MaterialEditorStats: Base pass shader: 78 instructions
[2021.06.13-23.37.47:314][726]MaterialEditorStats: Vertex shader: 29 instructions
[2021.06.13-23.37.47:314][726]MaterialEditorStats: Texture samplers: 1/16
[2021.06.13-23.39.01:095][679]LogMaterial: Missing cached shader map for material NewMaterial, compiling. 
[2021.06.13-23.39.01:106][679]LogMaterial: Missing cached shader map for material FMatExpressionPreview MaterialExpressionConstant3Vector_0, compiling. 
[2021.06.13-23.39.02:242][756]MaterialEditorStats: Base pass shader: 79 instructions
[2021.06.13-23.39.02:242][756]MaterialEditorStats: Vertex shader: 29 instructions
[2021.06.13-23.39.02:242][756]MaterialEditorStats: Texture samplers: 1/16
[2021.06.13-23.39.03:138][843]LogMaterial: Missing cached shader map for material NewMaterial, compiling. 
[2021.06.13-23.39.03:152][843]LogMaterial: Missing cached shader map for material FMatExpressionPreview MaterialExpressionConstant3Vector_0, compiling. 
[2021.06.13-23.39.03:532][856]MaterialEditorStats: Base pass shader: 79 instructions
[2021.06.13-23.39.03:532][856]MaterialEditorStats: Vertex shader: 29 instructions
[2021.06.13-23.39.03:532][856]MaterialEditorStats: Texture samplers: 1/16
[2021.06.13-23.43.31:726][193]LogSlate: Took 0.000292 seconds to synchronously load lazily loaded font '../../../Engine/Content/Slate/Fonts/Roboto-Light.ttf' (159K)
[2021.06.13-23.43.40:760][220]LogFileHelpers: Editor autosave (incl. sublevels) for '/Game/RenderRoom' took 0.028
[2021.06.13-23.43.40:763][220]OBJ SavePackage: Generating thumbnails for [1] asset(s) in package [/Game/NewMaterial] ([1] browsable assets)...
[2021.06.13-23.43.40:772][220]OBJ SavePackage:     Rendered thumbnail for [Material /Game/NewMaterial.NewMaterial]
[2021.06.13-23.43.40:772][220]OBJ SavePackage: Finished generating thumbnails for package [/Game/NewMaterial]
[2021.06.13-23.43.40:772][220]Cmd: OBJ SAVEPACKAGE PACKAGE="/Game/NewMaterial" FILE="../../../../../../Users/Koenji/Documents/UnrealMods/LuxorGame/Saved/Autosaves/Game/NewMaterial_Auto1.uasset" SILENT=false AUTOSAVING=true
[2021.06.13-23.43.40:785][220]LogSavePackage: Save=11.35ms
[2021.06.13-23.43.40:786][220]LogSavePackage: Moving '../../../../../../Users/Koenji/Documents/UnrealMods/LuxorGame/Saved/NewMaterial_Auto177B620D54D9309579AE744B8D9C56B38.tmp' to '../../../../../../Users/Koenji/Documents/UnrealMods/LuxorGame/Saved/Autosaves/Game/NewMaterial_Auto1.uasset'
[2021.06.13-23.43.40:787][220]LogSavePackage: Display: Finished SavePackage ../../../../../../Users/Koenji/Documents/UnrealMods/LuxorGame/Saved/Autosaves/Game/NewMaterial_Auto1.uasset
[2021.06.13-23.43.40:787][220]LogFileHelpers: Auto-saving content packages took 0.026
[2021.06.13-23.57.11:464][854]LogMaterial: Missing cached shader map for material NewMaterial, compiling. 
[2021.06.13-23.57.11:479][854]LogMaterial: Missing cached shader map for material FMatExpressionPreview MaterialExpressionConstant3Vector_0, compiling. 
[2021.06.13-23.57.12:610][935]MaterialEditorStats: Base pass shader: 79 instructions
[2021.06.13-23.57.12:610][935]MaterialEditorStats: Vertex shader: 29 instructions
[2021.06.13-23.57.12:610][935]MaterialEditorStats: Texture samplers: 1/16
[2021.06.13-23.57.14:210][101]LogMaterial: Missing cached shader map for material NewMaterial, compiling. 
[2021.06.13-23.57.14:226][101]LogMaterial: Missing cached shader map for material FMatExpressionPreview MaterialExpressionConstant3Vector_0, compiling. 
[2021.06.13-23.57.14:603][113]MaterialEditorStats: Base pass shader: 79 instructions
[2021.06.13-23.57.14:603][113]MaterialEditorStats: Vertex shader: 29 instructions
[2021.06.13-23.57.14:603][113]MaterialEditorStats: Texture samplers: 1/16
[2021.06.13-23.57.19:117][370]LogMaterial: Missing cached shader map for material NewMaterial, compiling. 
[2021.06.13-23.57.19:130][370]LogMaterial: Missing cached shader map for material FMatExpressionPreview MaterialExpressionConstant3Vector_0, compiling. 
[2021.06.13-23.57.19:506][383]MaterialEditorStats: Base pass shader: 79 instructions
[2021.06.13-23.57.19:506][383]MaterialEditorStats: Vertex shader: 29 instructions
[2021.06.13-23.57.19:506][383]MaterialEditorStats: Texture samplers: 1/16
[2021.06.14-00.07.18:417][583]LogMaterial: Missing cached shader map for material NewMaterial, compiling. 
[2021.06.14-00.07.18:429][583]LogMaterial: Missing cached shader map for material FMatExpressionPreview MaterialExpressionConstant3Vector_0, compiling. 
[2021.06.14-00.07.19:565][667]MaterialEditorStats: Base pass shader: 79 instructions
[2021.06.14-00.07.19:565][667]MaterialEditorStats: Vertex shader: 29 instructions
[2021.06.14-00.07.19:565][667]MaterialEditorStats: Texture samplers: 1/16
[2021.06.14-00.07.21:352][855]LogMaterial: Missing cached shader map for material NewMaterial, compiling. 
[2021.06.14-00.07.21:364][855]LogMaterial: Missing cached shader map for material FMatExpressionPreview MaterialExpressionConstant3Vector_0, compiling. 
[2021.06.14-00.07.21:717][868]MaterialEditorStats: Base pass shader: 79 instructions
[2021.06.14-00.07.21:717][868]MaterialEditorStats: Vertex shader: 29 instructions
[2021.06.14-00.07.21:717][868]MaterialEditorStats: Texture samplers: 1/16
[2021.06.14-00.07.25:468][ 27]LogMaterial: Missing cached shader map for material NewMaterial, compiling. 
[2021.06.14-00.07.25:481][ 27]LogMaterial: Missing cached shader map for material FMatExpressionPreview MaterialExpressionConstant3Vector_0, compiling. 
[2021.06.14-00.07.25:795][ 41]MaterialEditorStats: Base pass shader: 79 instructions
[2021.06.14-00.07.25:795][ 41]MaterialEditorStats: Vertex shader: 29 instructions
[2021.06.14-00.07.25:795][ 41]MaterialEditorStats: Texture samplers: 1/16
